07:16:09.330519 IP 5ed92da5bdac.48424 > prod-oai-spgwc.prod-oai-public-net.8805: UDP, length 16
07:16:09.330568 IP prod-oai-spgwc.prod-oai-public-net.8805 > 5ed92da5bdac.48424: UDP, length 16
07:16:10.036201 IP enb.prod-oai-public-net.2152 > 5ed92da5bdac.2152: UDP, length 56
07:16:14.330374 IP prod-oai-spgwc.prod-oai-public-net.53655 > 5ed92da5bdac.8805: UDP, length 16
07:16:14.330439 IP 5ed92da5bdac.8805 > prod-oai-spgwc.prod-oai-public-net.53655: UDP, length 16
07:16:14.330672 IP 5ed92da5bdac.48424 > prod-oai-spgwc.prod-oai-public-net.8805: UDP, length 16
07:16:14.330695 IP prod-oai-spgwc.prod-oai-public-net.8805 > 5ed92da5bdac.48424: UDP, length 16
07:16:14.475963 ARP, Request who-has 5ed92da5bdac tell prod-oai-spgwc.prod-oai-public-net, length 28
07:16:14.475969 ARP, Reply 5ed92da5bdac is-at 02:42:c0:a8:3d:05 (oui Unknown), length 28
07:16:19.330797 IP 5ed92da5bdac.48424 > prod-oai-spgwc.prod-oai-public-net.8805: UDP, length 16
07:16:19.330843 IP prod-oai-spgwc.prod-oai-public-net.8805 > 5ed92da5bdac.48424: UDP, length 16
07:16:22.674345 IP enb.prod-oai-public-net.2152 > 5ed92da5bdac.2152: UDP, length 1060
07:16:22.674436 IP 5ed92da5bdac.56257 > 112.74.89.58.34484: UDP, length 1024
07:16:22.751473 IP 112.74.89.58.34484 > 5ed92da5bdac.56257: UDP, length 1024
07:16:22.751475 IP 112.74.89.58.34484 > 5ed92da5bdac.56257: UDP, length 1024
07:16:22.751477 IP 112.74.89.58.34484 > 5ed92da5bdac.56257: UDP, length 1024
07:16:22.751588 ARP, Request who-has 10.0.0.127 tell 5ed92da5bdac, length 28
07:16:22.751671 IP 5ed92da5bdac.2152 > enb.prod-oai-public-net.2152: UDP, length 1060
07:16:22.751720 IP 112.74.89.58.34484 > 5ed92da5bdac.56257: UDP, length 1024
07:16:22.751745 IP 5ed92da5bdac.2152 > enb.prod-oai-public-net.2152: UDP, length 1060
07:16:22.789264 IP 112.74.89.58.34484 > 5ed92da5bdac.56257: UDP, length 1024
07:16:22.789266 IP 112.74.89.58.34484 > 5ed92da5bdac.56257: UDP, length 1024
07:16:22.789349 IP 112.74.89.58.34484 > 5ed92da5bdac.56257: UDP, length 1024
07:16:22.789351 IP 112.74.89.58.34484 > 5ed92da5bdac.56257: UDP, length 1024
07:16:22.789381 IP 5ed92da5bdac.2152 > enb.prod-oai-public-net.2152: UDP, length 1060
07:16:22.789400 IP 112.74.89.58.34484 > 5ed92da5bdac.56257: UDP, length 1024
07:16:22.789440 IP 5ed92da5bdac.2152 > enb.prod-oai-public-net.2152: UDP, length 1060
07:16:22.790110 IP 112.74.89.58.34484 > 5ed92da5bdac.56257: UDP, length 1024
07:16:22.790111 IP 112.74.89.58.34484 > 5ed92da5bdac.56257: UDP, length 1024
07:16:22.790165 IP 112.74.89.58.34484 > 5ed92da5bdac.56257: UDP, length 1024
07:16:22.790240 IP 5ed92da5bdac.2152 > enb.prod-oai-public-net.2152: UDP, length 1060
07:16:22.790245 IP 112.74.89.58.34484 > 5ed92da5bdac.56257: UDP, length 1024
07:16:22.790247 IP 112.74.89.58.34484 > 5ed92da5bdac.56257: UDP, length 1024
07:16:22.790265 IP 5ed92da5bdac.2152 > enb.prod-oai-public-net.2152: UDP, length 1060
07:16:22.790304 IP 5ed92da5bdac.2152 > enb.prod-oai-public-net.2152: UDP, length 1060
07:16:22.790309 IP 112.74.89.58.34484 > 5ed92da5bdac.56257: UDP, length 1024
07:16:22.790311 IP 112.74.89.58.34484 > 5ed92da5bdac.56257: UDP, length 1024
07:16:22.790313 IP 112.74.89.58.34484 > 5ed92da5bdac.56257: UDP, length 1024
07:16:22.790314 IP 112.74.89.58.34484 > 5ed92da5bdac.56257: UDP, length 1024
07:16:22.790316 IP 112.74.89.58.34484 > 5ed92da5bdac.56257: UDP, length 1024
07:16:22.790363 IP 112.74.89.58.34484 > 5ed92da5bdac.56257: UDP, length 1024
07:16:22.790387 IP 5ed92da5bdac.2152 > enb.prod-oai-public-net.2152: UDP, length 1060
07:16:22.790365 IP 112.74.89.58.34484 > 5ed92da5bdac.56257: UDP, length 1024
07:16:22.790403 IP 5ed92da5bdac.2152 > enb.prod-oai-public-net.2152: UDP, length 1060
07:16:22.790418 IP 112.74.89.58.34484 > 5ed92da5bdac.56257: UDP, length 1024
07:16:22.790440 IP 5ed92da5bdac.2152 > enb.prod-oai-public-net.2152: UDP, length 1060
07:16:22.790457 IP 5ed92da5bdac.2152 > enb.prod-oai-public-net.2152: UDP, length 1060
07:16:22.790481 IP 112.74.89.58.34484 > 5ed92da5bdac.56257: UDP, length 1024
07:16:22.829068 IP 112.74.89.58.34484 > 5ed92da5bdac.56257: UDP, length 1024
07:16:22.829070 IP 112.74.89.58.34484 > 5ed92da5bdac.56257: UDP, length 1024
07:16:22.829152 IP 112.74.89.58.34484 > 5ed92da5bdac.56257: UDP, length 1024
07:16:22.829153 IP 112.74.89.58.34484 > 5ed92da5bdac.56257: UDP, length 1024
07:16:22.829196 IP 5ed92da5bdac.2152 > enb.prod-oai-public-net.2152: UDP, length 1060
07:16:22.829192 IP 112.74.89.58.34484 > 5ed92da5bdac.56257: UDP, length 1024
07:16:22.829194 IP 112.74.89.58.34484 > 5ed92da5bdac.56257: UDP, length 1024
07:16:22.829195 IP 112.74.89.58.34484 > 5ed92da5bdac.56257: UDP, length 1024
07:16:22.829224 IP 5ed92da5bdac.2152 > enb.prod-oai-public-net.2152: UDP, length 1060
07:16:22.829246 IP 112.74.89.58.34484 > 5ed92da5bdac.56257: UDP, length 1024
07:16:22.829259 IP 5ed92da5bdac.2152 > enb.prod-oai-public-net.2152: UDP, length 1060
07:16:22.829247 IP 112.74.89.58.34484 > 5ed92da5bdac.56257: UDP, length 1024
07:16:22.829249 IP 112.74.89.58.34484 > 5ed92da5bdac.56257: UDP, length 1024
07:16:22.829251 IP 112.74.89.58.34484 > 5ed92da5bdac.56257: UDP, length 1024
07:16:22.829252 IP 112.74.89.58.34484 > 5ed92da5bdac.56257: UDP, length 1024
07:16:22.829254 IP 112.74.89.58.34484 > 5ed92da5bdac.56257: UDP, length 1024
07:16:22.829289 IP 5ed92da5bdac.2152 > enb.prod-oai-public-net.2152: UDP, length 1060
07:16:22.829299 IP 112.74.89.58.34484 > 5ed92da5bdac.56257: UDP, length 1024
07:16:22.829300 IP 112.74.89.58.34484 > 5ed92da5bdac.56257: UDP, length 1024
07:16:22.829302 IP 112.74.89.58.34484 > 5ed92da5bdac.56257: UDP, length 1024
07:16:22.829303 IP 112.74.89.58.34484 > 5ed92da5bdac.56257: UDP, length 1024
07:16:22.829305 IP 112.74.89.58.34484 > 5ed92da5bdac.56257: UDP, length 1024
07:16:22.829306 IP 112.74.89.58.34484 > 5ed92da5bdac.56257: UDP, length 1024
07:16:22.829360 IP 112.74.89.58.34484 > 5ed92da5bdac.56257: UDP, length 1024
07:16:22.829362 IP 112.74.89.58.34484 > 5ed92da5bdac.56257: UDP, length 1024
07:16:22.829363 IP 112.74.89.58.34484 > 5ed92da5bdac.56257: UDP, length 1024
07:16:22.829365 IP 112.74.89.58.34484 > 5ed92da5bdac.56257: UDP, length 1024
07:16:22.829399 IP 5ed92da5bdac.2152 > enb.prod-oai-public-net.2152: UDP, length 1060
07:16:22.829414 IP 5ed92da5bdac.2152 > enb.prod-oai-public-net.2152: UDP, length 1060
07:16:22.829414 IP 112.74.89.58.34484 > 5ed92da5bdac.56257: UDP, length 1024
07:16:22.829428 IP 5ed92da5bdac.2152 > enb.prod-oai-public-net.2152: UDP, length 1060
07:16:22.829415 IP 112.74.89.58.34484 > 5ed92da5bdac.56257: UDP, length 1024
07:16:22.829417 IP 112.74.89.58.34484 > 5ed92da5bdac.56257: UDP, length 1024
07:16:22.829418 IP 112.74.89.58.34484 > 5ed92da5bdac.56257: UDP, length 1024
07:16:22.829419 IP 112.74.89.58.34484 > 5ed92da5bdac.56257: UDP, length 1024
07:16:22.829421 IP 112.74.89.58.34484 > 5ed92da5bdac.56257: UDP, length 1024
07:16:22.829422 IP 112.74.89.58.34484 > 5ed92da5bdac.56257: UDP, length 1024
07:16:22.829442 IP 5ed92da5bdac.2152 > enb.prod-oai-public-net.2152: UDP, length 1060
07:16:22.829455 IP 5ed92da5bdac.2152 > enb.prod-oai-public-net.2152: UDP, length 1060
07:16:22.829468 IP 5ed92da5bdac.2152 > enb.prod-oai-public-net.2152: UDP, length 1060
07:16:22.829467 IP 112.74.89.58.34484 > 5ed92da5bdac.56257: UDP, length 1024
07:16:22.829469 IP 112.74.89.58.34484 > 5ed92da5bdac.56257: UDP, length 1024
07:16:22.829481 IP 5ed92da5bdac.2152 > enb.prod-oai-public-net.2152: UDP, length 1060
07:16:22.829470 IP 112.74.89.58.34484 > 5ed92da5bdac.56257: UDP, length 1024
07:16:22.829472 IP 112.74.89.58.34484 > 5ed92da5bdac.56257: UDP, length 1024
07:16:22.829473 IP 112.74.89.58.34484 > 5ed92da5bdac.56257: UDP, length 1024
07:16:22.829494 IP 5ed92da5bdac.2152 > enb.prod-oai-public-net.2152: UDP, length 1060
07:16:22.829567 IP 5ed92da5bdac.2152 > enb.prod-oai-public-net.2152: UDP, length 1060
07:16:22.829582 IP 5ed92da5bdac.2152 > enb.prod-oai-public-net.2152: UDP, length 1060
07:16:22.829594 IP 5ed92da5bdac.2152 > enb.prod-oai-public-net.2152: UDP, length 1060
07:16:22.829607 IP 5ed92da5bdac.2152 > enb.prod-oai-public-net.2152: UDP, length 1060
07:16:22.829616 IP 112.74.89.58.34484 > 5ed92da5bdac.56257: UDP, length 1024
07:16:22.829620 IP 5ed92da5bdac.2152 > enb.prod-oai-public-net.2152: UDP, length 1060
07:16:22.829633 IP 5ed92da5bdac.2152 > enb.prod-oai-public-net.2152: UDP, length 1060
07:16:22.829670 IP 112.74.89.58.34484 > 5ed92da5bdac.56257: UDP, length 1024
07:16:22.829689 IP 5ed92da5bdac.2152 > enb.prod-oai-public-net.2152: UDP, length 1060
07:16:22.829728 IP 112.74.89.58.34484 > 5ed92da5bdac.56257: UDP, length 1024
07:16:22.866403 IP 112.74.89.58.34484 > 5ed92da5bdac.56257: UDP, length 1024
07:16:22.866405 IP 112.74.89.58.34484 > 5ed92da5bdac.56257: UDP, length 1024
07:16:22.866407 IP 112.74.89.58.34484 > 5ed92da5bdac.56257: UDP, length 1024
07:16:22.866408 IP 112.74.89.58.34484 > 5ed92da5bdac.56257: UDP, length 1024
07:16:22.866409 IP 112.74.89.58.34484 > 5ed92da5bdac.56257: UDP, length 1024
07:16:22.866411 IP 112.74.89.58.34484 > 5ed92da5bdac.56257: UDP, length 1024
07:16:22.866413 IP 112.74.89.58.34484 > 5ed92da5bdac.56257: UDP, length 1024
07:16:22.866414 IP 112.74.89.58.34484 > 5ed92da5bdac.56257: UDP, length 1024
07:16:22.866415 IP 112.74.89.58.34484 > 5ed92da5bdac.56257: UDP, length 1024
07:16:22.866483 IP 5ed92da5bdac.2152 > enb.prod-oai-public-net.2152: UDP, length 1060
07:16:22.866502 IP 5ed92da5bdac.2152 > enb.prod-oai-public-net.2152: UDP, length 1060
07:16:22.866515 IP 5ed92da5bdac.2152 > enb.prod-oai-public-net.2152: UDP, length 1060
07:16:22.866528 IP 5ed92da5bdac.2152 > enb.prod-oai-public-net.2152: UDP, length 1060
07:16:22.866541 IP 5ed92da5bdac.2152 > enb.prod-oai-public-net.2152: UDP, length 1060
07:16:22.866653 IP 112.74.89.58.34484 > 5ed92da5bdac.56257: UDP, length 1024
07:16:22.866654 IP 112.74.89.58.34484 > 5ed92da5bdac.56257: UDP, length 1024
07:16:22.866656 IP 112.74.89.58.34484 > 5ed92da5bdac.56257: UDP, length 1024
07:16:22.866657 IP 112.74.89.58.34484 > 5ed92da5bdac.56257: UDP, length 1024
07:16:22.866659 IP 112.74.89.58.34484 > 5ed92da5bdac.56257: UDP, length 1024
07:16:22.866660 IP 112.74.89.58.34484 > 5ed92da5bdac.56257: UDP, length 1024
07:16:22.866662 IP 112.74.89.58.34484 > 5ed92da5bdac.56257: UDP, length 1024
07:16:22.866663 IP 112.74.89.58.34484 > 5ed92da5bdac.56257: UDP, length 1024
07:16:22.866665 IP 112.74.89.58.34484 > 5ed92da5bdac.56257: UDP, length 1024
07:16:22.866666 IP 112.74.89.58.34484 > 5ed92da5bdac.56257: UDP, length 1024
07:16:22.866668 IP 112.74.89.58.34484 > 5ed92da5bdac.56257: UDP, length 1024
07:16:22.866669 IP 112.74.89.58.34484 > 5ed92da5bdac.56257: UDP, length 1024
07:16:22.866671 IP 112.74.89.58.34484 > 5ed92da5bdac.56257: UDP, length 1024
07:16:22.866756 IP 5ed92da5bdac.2152 > enb.prod-oai-public-net.2152: UDP, length 1060
07:16:22.866771 IP 5ed92da5bdac.2152 > enb.prod-oai-public-net.2152: UDP, length 1060
07:16:22.866800 IP 5ed92da5bdac.2152 > enb.prod-oai-public-net.2152: UDP, length 1060
07:16:22.866813 IP 5ed92da5bdac.2152 > enb.prod-oai-public-net.2152: UDP, length 1060
07:16:22.866826 IP 5ed92da5bdac.2152 > enb.prod-oai-public-net.2152: UDP, length 1060
07:16:22.866839 IP 5ed92da5bdac.2152 > enb.prod-oai-public-net.2152: UDP, length 1060
07:16:22.873747 IP 112.74.89.58.34484 > 5ed92da5bdac.56257: UDP, length 1024
07:16:22.873772 IP 5ed92da5bdac.2152 > enb.prod-oai-public-net.2152: UDP, length 1060
07:16:22.887031 IP 112.74.89.58.34484 > 5ed92da5bdac.56257: UDP, length 1024
07:16:22.900433 IP 112.74.89.58.34484 > 5ed92da5bdac.56257: UDP, length 1024
07:16:22.900458 IP 5ed92da5bdac.2152 > enb.prod-oai-public-net.2152: UDP, length 1060
07:16:22.913875 IP 112.74.89.58.34484 > 5ed92da5bdac.56257: UDP, length 1024
07:16:22.927059 IP 112.74.89.58.34484 > 5ed92da5bdac.56257: UDP, length 1024
07:16:22.927103 IP 5ed92da5bdac.2152 > enb.prod-oai-public-net.2152: UDP, length 1060
07:16:22.940376 IP 112.74.89.58.34484 > 5ed92da5bdac.56257: UDP, length 1024
07:16:22.953752 IP 112.74.89.58.34484 > 5ed92da5bdac.56257: UDP, length 1024
07:16:22.953777 IP 5ed92da5bdac.2152 > enb.prod-oai-public-net.2152: UDP, length 1060
07:16:22.967186 IP 112.74.89.58.34484 > 5ed92da5bdac.56257: UDP, length 1024
07:16:22.980795 IP 112.74.89.58.34484 > 5ed92da5bdac.56257: UDP, length 1024
07:16:22.980835 IP 5ed92da5bdac.2152 > enb.prod-oai-public-net.2152: UDP, length 1060
07:16:22.993908 IP 112.74.89.58.34484 > 5ed92da5bdac.56257: UDP, length 1024
07:16:23.007323 IP 112.74.89.58.34484 > 5ed92da5bdac.56257: UDP, length 1024
07:16:23.007349 IP 5ed92da5bdac.2152 > enb.prod-oai-public-net.2152: UDP, length 1060
07:16:23.020895 IP 112.74.89.58.34484 > 5ed92da5bdac.56257: UDP, length 1024
07:16:23.034013 IP 112.74.89.58.34484 > 5ed92da5bdac.56257: UDP, length 1024
07:16:23.034118 IP 5ed92da5bdac.2152 > enb.prod-oai-public-net.2152: UDP, length 1060
07:16:23.047436 IP 112.74.89.58.34484 > 5ed92da5bdac.56257: UDP, length 1024
07:16:23.060595 IP 112.74.89.58.34484 > 5ed92da5bdac.56257: UDP, length 1024
07:16:23.060655 IP 5ed92da5bdac.2152 > enb.prod-oai-public-net.2152: UDP, length 1060
07:16:23.074009 IP 112.74.89.58.34484 > 5ed92da5bdac.56257: UDP, length 1024
07:16:23.087306 IP 112.74.89.58.34484 > 5ed92da5bdac.56257: UDP, length 1024
07:16:23.087366 IP 5ed92da5bdac.2152 > enb.prod-oai-public-net.2152: UDP, length 1060
07:16:23.100565 IP 112.74.89.58.34484 > 5ed92da5bdac.56257: UDP, length 1024
07:16:23.114199 IP 112.74.89.58.34484 > 5ed92da5bdac.56257: UDP, length 1024
07:16:23.114271 IP 5ed92da5bdac.2152 > enb.prod-oai-public-net.2152: UDP, length 1060
07:16:23.127332 IP 112.74.89.58.34484 > 5ed92da5bdac.56257: UDP, length 1024
07:16:23.140737 IP 112.74.89.58.34484 > 5ed92da5bdac.56257: UDP, length 1024
07:16:23.140832 IP 5ed92da5bdac.2152 > enb.prod-oai-public-net.2152: UDP, length 1060
07:16:23.154184 IP 112.74.89.58.34484 > 5ed92da5bdac.56257: UDP, length 1024
07:16:23.167563 IP 112.74.89.58.34484 > 5ed92da5bdac.56257: UDP, length 1024
07:16:23.167601 IP 5ed92da5bdac.2152 > enb.prod-oai-public-net.2152: UDP, length 1060
07:16:23.180817 IP 112.74.89.58.34484 > 5ed92da5bdac.56257: UDP, length 1024
07:16:23.194234 IP 112.74.89.58.34484 > 5ed92da5bdac.56257: UDP, length 1024
07:16:23.194267 IP 5ed92da5bdac.2152 > enb.prod-oai-public-net.2152: UDP, length 1060
07:16:23.207664 IP 112.74.89.58.34484 > 5ed92da5bdac.56257: UDP, length 1024
07:16:23.221923 IP 112.74.89.58.34484 > 5ed92da5bdac.56257: UDP, length 1024
07:16:23.221983 IP 5ed92da5bdac.2152 > enb.prod-oai-public-net.2152: UDP, length 1060
07:16:23.234262 IP 112.74.89.58.34484 > 5ed92da5bdac.56257: UDP, length 1024
07:16:23.247657 IP 112.74.89.58.34484 > 5ed92da5bdac.56257: UDP, length 1024
07:16:23.247684 IP 5ed92da5bdac.2152 > enb.prod-oai-public-net.2152: UDP, length 1060
07:16:23.261289 IP 112.74.89.58.34484 > 5ed92da5bdac.56257: UDP, length 1024
07:16:23.274299 IP 112.74.89.58.34484 > 5ed92da5bdac.56257: UDP, length 1024
07:16:23.274374 IP 5ed92da5bdac.2152 > enb.prod-oai-public-net.2152: UDP, length 1060
07:16:23.289774 IP 112.74.89.58.34484 > 5ed92da5bdac.56257: UDP, length 1024
07:16:23.301262 IP 112.74.89.58.34484 > 5ed92da5bdac.56257: UDP, length 1024
07:16:23.301319 IP 5ed92da5bdac.2152 > enb.prod-oai-public-net.2152: UDP, length 1060
07:16:23.314388 IP 112.74.89.58.34484 > 5ed92da5bdac.56257: UDP, length 1024
07:16:23.327978 IP 112.74.89.58.34484 > 5ed92da5bdac.56257: UDP, length 1024
07:16:23.328049 IP 5ed92da5bdac.2152 > enb.prod-oai-public-net.2152: UDP, length 1060
07:16:23.341145 IP 112.74.89.58.34484 > 5ed92da5bdac.56257: UDP, length 1024
07:16:23.357761 IP 112.74.89.58.34484 > 5ed92da5bdac.56257: UDP, length 1024
07:16:23.357835 IP 5ed92da5bdac.2152 > enb.prod-oai-public-net.2152: UDP, length 1060
07:16:23.368086 IP 112.74.89.58.34484 > 5ed92da5bdac.56257: UDP, length 1024
07:16:23.381380 IP 112.74.89.58.34484 > 5ed92da5bdac.56257: UDP, length 1024
07:16:23.381458 IP 5ed92da5bdac.2152 > enb.prod-oai-public-net.2152: UDP, length 1060
07:16:23.394593 IP 112.74.89.58.34484 > 5ed92da5bdac.56257: UDP, length 1024
07:16:23.408018 IP 112.74.89.58.34484 > 5ed92da5bdac.56257: UDP, length 1024
07:16:23.408099 IP 5ed92da5bdac.2152 > enb.prod-oai-public-net.2152: UDP, length 1060
07:16:23.421196 IP 112.74.89.58.34484 > 5ed92da5bdac.56257: UDP, length 1024
07:16:23.434589 IP 112.74.89.58.34484 > 5ed92da5bdac.56257: UDP, length 1024
07:16:23.434617 IP 5ed92da5bdac.2152 > enb.prod-oai-public-net.2152: UDP, length 1060
07:16:23.447893 IP 112.74.89.58.34484 > 5ed92da5bdac.56257: UDP, length 1024
07:16:23.461622 IP 112.74.89.58.34484 > 5ed92da5bdac.56257: UDP, length 1024
07:16:23.461647 IP 5ed92da5bdac.2152 > enb.prod-oai-public-net.2152: UDP, length 1060
07:16:23.474752 IP 112.74.89.58.34484 > 5ed92da5bdac.56257: UDP, length 1024
07:16:23.488281 IP 112.74.89.58.34484 > 5ed92da5bdac.56257: UDP, length 1024
07:16:23.488305 IP 5ed92da5bdac.2152 > enb.prod-oai-public-net.2152: UDP, length 1060
07:16:23.500213 IP 5ed92da5bdac.51631 > ns.fudan.edu.cn.domain: 8776+ PTR? 58.89.74.112.in-addr.arpa. (43)
07:16:23.501663 IP 112.74.89.58.34484 > 5ed92da5bdac.56257: UDP, length 1024
07:16:23.504500 IP ns.fudan.edu.cn.domain > 5ed92da5bdac.51631: 8776 NXDomain 0/0/0 (43)
07:16:23.504647 IP 5ed92da5bdac.34934 > ns.fudan.edu.cn.domain: 39602+ PTR? 127.0.0.10.in-addr.arpa. (41)
07:16:23.505034 IP ns.fudan.edu.cn.domain > 5ed92da5bdac.34934: 39602 NXDomain* 0/1/0 (98)
07:16:23.517107 IP 112.74.89.58.34484 > 5ed92da5bdac.56257: UDP, length 1024
07:16:23.517139 IP 5ed92da5bdac.2152 > enb.prod-oai-public-net.2152: UDP, length 1060
07:16:23.528256 IP 112.74.89.58.34484 > 5ed92da5bdac.56257: UDP, length 1024
07:16:23.541517 IP 112.74.89.58.34484 > 5ed92da5bdac.56257: UDP, length 1024
07:16:23.541541 IP 5ed92da5bdac.2152 > enb.prod-oai-public-net.2152: UDP, length 1060
07:16:23.554845 IP 112.74.89.58.34484 > 5ed92da5bdac.56257: UDP, length 1024
07:16:23.568218 IP 112.74.89.58.34484 > 5ed92da5bdac.56257: UDP, length 1024
07:16:23.568261 IP 5ed92da5bdac.2152 > enb.prod-oai-public-net.2152: UDP, length 1060
07:16:23.581520 IP 112.74.89.58.34484 > 5ed92da5bdac.56257: UDP, length 1024
07:16:23.595451 IP 112.74.89.58.34484 > 5ed92da5bdac.56257: UDP, length 1024
07:16:23.595476 IP 5ed92da5bdac.2152 > enb.prod-oai-public-net.2152: UDP, length 1060
07:16:23.609119 IP 112.74.89.58.34484 > 5ed92da5bdac.56257: UDP, length 1024
07:16:23.621723 IP 112.74.89.58.34484 > 5ed92da5bdac.56257: UDP, length 1024
07:16:23.621745 IP 5ed92da5bdac.2152 > enb.prod-oai-public-net.2152: UDP, length 1060
07:16:23.635006 IP 112.74.89.58.34484 > 5ed92da5bdac.56257: UDP, length 1024
07:16:23.648614 IP 112.74.89.58.34484 > 5ed92da5bdac.56257: UDP, length 1024
07:16:23.648636 IP 5ed92da5bdac.2152 > enb.prod-oai-public-net.2152: UDP, length 1060
07:16:23.661841 IP 112.74.89.58.34484 > 5ed92da5bdac.56257: UDP, length 1024
07:16:23.675302 IP 112.74.89.58.34484 > 5ed92da5bdac.56257: UDP, length 1024
07:16:23.675324 IP 5ed92da5bdac.2152 > enb.prod-oai-public-net.2152: UDP, length 1060
07:16:23.691518 IP 112.74.89.58.34484 > 5ed92da5bdac.56257: UDP, length 1024
07:16:23.705165 IP 112.74.89.58.34484 > 5ed92da5bdac.56257: UDP, length 1024
07:16:23.705252 IP 5ed92da5bdac.2152 > enb.prod-oai-public-net.2152: UDP, length 1060
07:16:23.715302 IP 112.74.89.58.34484 > 5ed92da5bdac.56257: UDP, length 1024
07:16:23.728611 IP 112.74.89.58.34484 > 5ed92da5bdac.56257: UDP, length 1024
07:16:23.728655 IP 5ed92da5bdac.2152 > enb.prod-oai-public-net.2152: UDP, length 1060
07:16:23.741932 IP 112.74.89.58.34484 > 5ed92da5bdac.56257: UDP, length 1024
07:16:23.755186 IP 112.74.89.58.34484 > 5ed92da5bdac.56257: UDP, length 1024
07:16:23.755267 IP 5ed92da5bdac.2152 > enb.prod-oai-public-net.2152: UDP, length 1060
07:16:23.755950 ARP, Request who-has 10.0.0.127 tell 5ed92da5bdac, length 28
07:16:23.768805 IP 112.74.89.58.34484 > 5ed92da5bdac.56257: UDP, length 1024
07:16:23.782715 IP 112.74.89.58.34484 > 5ed92da5bdac.56257: UDP, length 1024
07:16:23.782739 IP 5ed92da5bdac.2152 > enb.prod-oai-public-net.2152: UDP, length 1060
07:16:23.795590 IP 112.74.89.58.34484 > 5ed92da5bdac.56257: UDP, length 1024
07:16:23.808661 IP 112.74.89.58.34484 > 5ed92da5bdac.56257: UDP, length 1024
07:16:23.808685 IP 5ed92da5bdac.2152 > enb.prod-oai-public-net.2152: UDP, length 1060
07:16:23.821957 IP 112.74.89.58.34484 > 5ed92da5bdac.56257: UDP, length 1024
07:16:23.835409 IP 112.74.89.58.34484 > 5ed92da5bdac.56257: UDP, length 1024
07:16:23.835434 IP 5ed92da5bdac.2152 > enb.prod-oai-public-net.2152: UDP, length 1060
07:16:23.848653 IP 112.74.89.58.34484 > 5ed92da5bdac.56257: UDP, length 1024
07:16:23.862113 IP 112.74.89.58.34484 > 5ed92da5bdac.56257: UDP, length 1024
07:16:23.862169 IP 5ed92da5bdac.2152 > enb.prod-oai-public-net.2152: UDP, length 1060
07:16:23.875483 IP 112.74.89.58.34484 > 5ed92da5bdac.56257: UDP, length 1024
07:16:23.892819 IP 112.74.89.58.34484 > 5ed92da5bdac.56257: UDP, length 1024
07:16:23.892897 IP 5ed92da5bdac.2152 > enb.prod-oai-public-net.2152: UDP, length 1060
07:16:23.902649 IP 112.74.89.58.34484 > 5ed92da5bdac.56257: UDP, length 1024
07:16:23.915737 IP 112.74.89.58.34484 > 5ed92da5bdac.56257: UDP, length 1024
07:16:23.915766 IP 5ed92da5bdac.2152 > enb.prod-oai-public-net.2152: UDP, length 1060
07:16:23.928967 IP 112.74.89.58.34484 > 5ed92da5bdac.56257: UDP, length 1024
07:16:23.942539 IP 112.74.89.58.34484 > 5ed92da5bdac.56257: UDP, length 1024
07:16:23.942599 IP 5ed92da5bdac.2152 > enb.prod-oai-public-net.2152: UDP, length 1060
07:16:23.959415 IP 112.74.89.58.34484 > 5ed92da5bdac.56257: UDP, length 1024
07:16:23.969069 IP 112.74.89.58.34484 > 5ed92da5bdac.56257: UDP, length 1024
07:16:23.969130 IP 5ed92da5bdac.2152 > enb.prod-oai-public-net.2152: UDP, length 1060
07:16:23.982439 IP 112.74.89.58.34484 > 5ed92da5bdac.56257: UDP, length 1024
07:16:23.995655 IP 112.74.89.58.34484 > 5ed92da5bdac.56257: UDP, length 1024
07:16:23.995690 IP 5ed92da5bdac.2152 > enb.prod-oai-public-net.2152: UDP, length 1060
07:16:24.008997 IP 112.74.89.58.34484 > 5ed92da5bdac.56257: UDP, length 1024
07:16:24.022352 IP 112.74.89.58.34484 > 5ed92da5bdac.56257: UDP, length 1024
07:16:24.022377 IP 5ed92da5bdac.2152 > enb.prod-oai-public-net.2152: UDP, length 1060
07:16:24.035887 IP 112.74.89.58.34484 > 5ed92da5bdac.56257: UDP, length 1024
07:16:24.052381 IP 112.74.89.58.34484 > 5ed92da5bdac.56257: UDP, length 1024
07:16:24.052406 IP 5ed92da5bdac.2152 > enb.prod-oai-public-net.2152: UDP, length 1060
07:16:24.062611 IP 112.74.89.58.34484 > 5ed92da5bdac.56257: UDP, length 1024
07:16:24.075846 IP 112.74.89.58.34484 > 5ed92da5bdac.56257: UDP, length 1024
07:16:24.075901 IP 5ed92da5bdac.2152 > enb.prod-oai-public-net.2152: UDP, length 1060
07:16:24.089701 IP 112.74.89.58.34484 > 5ed92da5bdac.56257: UDP, length 1024
07:16:24.102640 IP 112.74.89.58.34484 > 5ed92da5bdac.56257: UDP, length 1024
07:16:24.102670 IP 5ed92da5bdac.2152 > enb.prod-oai-public-net.2152: UDP, length 1060
07:16:24.115963 IP 112.74.89.58.34484 > 5ed92da5bdac.56257: UDP, length 1024
07:16:24.129239 IP 112.74.89.58.34484 > 5ed92da5bdac.56257: UDP, length 1024
07:16:24.129263 IP 5ed92da5bdac.2152 > enb.prod-oai-public-net.2152: UDP, length 1060
07:16:24.142631 IP 112.74.89.58.34484 > 5ed92da5bdac.56257: UDP, length 1024
07:16:24.156245 IP 112.74.89.58.34484 > 5ed92da5bdac.56257: UDP, length 1024
07:16:24.156295 IP 5ed92da5bdac.2152 > enb.prod-oai-public-net.2152: UDP, length 1060
07:16:24.169361 IP 112.74.89.58.34484 > 5ed92da5bdac.56257: UDP, length 1024
07:16:24.182916 IP 112.74.89.58.34484 > 5ed92da5bdac.56257: UDP, length 1024
07:16:24.182960 IP 5ed92da5bdac.2152 > enb.prod-oai-public-net.2152: UDP, length 1060
07:16:24.196078 IP 112.74.89.58.34484 > 5ed92da5bdac.56257: UDP, length 1024
07:16:24.209515 IP 112.74.89.58.34484 > 5ed92da5bdac.56257: UDP, length 1024
07:16:24.209540 IP 5ed92da5bdac.2152 > enb.prod-oai-public-net.2152: UDP, length 1060
07:16:24.222864 IP 112.74.89.58.34484 > 5ed92da5bdac.56257: UDP, length 1024
07:16:24.236275 IP 112.74.89.58.34484 > 5ed92da5bdac.56257: UDP, length 1024
07:16:24.236300 IP 5ed92da5bdac.2152 > enb.prod-oai-public-net.2152: UDP, length 1060
07:16:24.249590 IP 112.74.89.58.34484 > 5ed92da5bdac.56257: UDP, length 1024
07:16:24.262984 IP 112.74.89.58.34484 > 5ed92da5bdac.56257: UDP, length 1024
07:16:24.263035 IP 5ed92da5bdac.2152 > enb.prod-oai-public-net.2152: UDP, length 1060
07:16:24.276307 IP 112.74.89.58.34484 > 5ed92da5bdac.56257: UDP, length 1024
07:16:24.289664 IP 112.74.89.58.34484 > 5ed92da5bdac.56257: UDP, length 1024
07:16:24.289685 IP 5ed92da5bdac.2152 > enb.prod-oai-public-net.2152: UDP, length 1060
07:16:24.302910 IP 112.74.89.58.34484 > 5ed92da5bdac.56257: UDP, length 1024
07:16:24.316290 IP 112.74.89.58.34484 > 5ed92da5bdac.56257: UDP, length 1024
07:16:24.316314 IP 5ed92da5bdac.2152 > enb.prod-oai-public-net.2152: UDP, length 1060
07:16:24.329658 IP 112.74.89.58.34484 > 5ed92da5bdac.56257: UDP, length 1024
07:16:24.330561 IP prod-oai-spgwc.prod-oai-public-net.53655 > 5ed92da5bdac.8805: UDP, length 16
07:16:24.330606 IP 5ed92da5bdac.8805 > prod-oai-spgwc.prod-oai-public-net.53655: UDP, length 16
07:16:24.330993 IP 5ed92da5bdac.48424 > prod-oai-spgwc.prod-oai-public-net.8805: UDP, length 16
07:16:24.331016 IP prod-oai-spgwc.prod-oai-public-net.8805 > 5ed92da5bdac.48424: UDP, length 16
07:16:24.343196 IP 112.74.89.58.34484 > 5ed92da5bdac.56257: UDP, length 1024
07:16:24.343221 IP 5ed92da5bdac.2152 > enb.prod-oai-public-net.2152: UDP, length 1060
07:16:24.357892 IP 112.74.89.58.34484 > 5ed92da5bdac.56257: UDP, length 1024
07:16:24.369678 IP 112.74.89.58.34484 > 5ed92da5bdac.56257: UDP, length 1024
07:16:24.369705 IP 5ed92da5bdac.2152 > enb.prod-oai-public-net.2152: UDP, length 1060
07:16:24.383197 IP 112.74.89.58.34484 > 5ed92da5bdac.56257: UDP, length 1024
07:16:24.396585 IP 112.74.89.58.34484 > 5ed92da5bdac.56257: UDP, length 1024
07:16:24.396651 IP 5ed92da5bdac.2152 > enb.prod-oai-public-net.2152: UDP, length 1060
07:16:24.409859 IP 112.74.89.58.34484 > 5ed92da5bdac.56257: UDP, length 1024
07:16:24.423228 IP 112.74.89.58.34484 > 5ed92da5bdac.56257: UDP, length 1024
07:16:24.423273 IP 5ed92da5bdac.2152 > enb.prod-oai-public-net.2152: UDP, length 1060
07:16:24.436579 IP 112.74.89.58.34484 > 5ed92da5bdac.56257: UDP, length 1024
07:16:24.449964 IP 112.74.89.58.34484 > 5ed92da5bdac.56257: UDP, length 1024
07:16:24.450002 IP 5ed92da5bdac.2152 > enb.prod-oai-public-net.2152: UDP, length 1060
07:16:24.463262 IP 112.74.89.58.34484 > 5ed92da5bdac.56257: UDP, length 1024
07:16:24.476556 IP 112.74.89.58.34484 > 5ed92da5bdac.56257: UDP, length 1024
07:16:24.476581 IP 5ed92da5bdac.2152 > enb.prod-oai-public-net.2152: UDP, length 1060
07:16:24.492185 IP 112.74.89.58.34484 > 5ed92da5bdac.56257: UDP, length 1024
07:16:24.503311 IP 112.74.89.58.34484 > 5ed92da5bdac.56257: UDP, length 1024
07:16:24.503334 IP 5ed92da5bdac.2152 > enb.prod-oai-public-net.2152: UDP, length 1060
07:16:24.516678 IP 112.74.89.58.34484 > 5ed92da5bdac.56257: UDP, length 1024
07:16:24.524131 IP 5ed92da5bdac.54018 > ns.fudan.edu.cn.domain: 60108+ PTR? 26.224.120.202.in-addr.arpa. (45)
07:16:24.524597 IP ns.fudan.edu.cn.domain > 5ed92da5bdac.54018: 60108* 1/1/0 PTR ns.fudan.edu.cn. (88)
07:16:24.530328 IP 112.74.89.58.34484 > 5ed92da5bdac.56257: UDP, length 1024
07:16:24.530357 IP 5ed92da5bdac.2152 > enb.prod-oai-public-net.2152: UDP, length 1060
07:16:24.543474 IP 112.74.89.58.34484 > 5ed92da5bdac.56257: UDP, length 1024
07:16:24.557179 IP 112.74.89.58.34484 > 5ed92da5bdac.56257: UDP, length 1024
07:16:24.557229 IP 5ed92da5bdac.2152 > enb.prod-oai-public-net.2152: UDP, length 1060
07:16:24.570325 IP 112.74.89.58.34484 > 5ed92da5bdac.56257: UDP, length 1024
07:16:24.583512 IP 112.74.89.58.34484 > 5ed92da5bdac.56257: UDP, length 1024
07:16:24.583536 IP 5ed92da5bdac.2152 > enb.prod-oai-public-net.2152: UDP, length 1060
07:16:24.597436 IP 112.74.89.58.34484 > 5ed92da5bdac.56257: UDP, length 1024
07:16:24.610362 IP 112.74.89.58.34484 > 5ed92da5bdac.56257: UDP, length 1024
07:16:24.610385 IP 5ed92da5bdac.2152 > enb.prod-oai-public-net.2152: UDP, length 1060
07:16:24.623444 IP 112.74.89.58.34484 > 5ed92da5bdac.56257: UDP, length 1024
07:16:24.636912 IP 112.74.89.58.34484 > 5ed92da5bdac.56257: UDP, length 1024
07:16:24.637000 IP 5ed92da5bdac.2152 > enb.prod-oai-public-net.2152: UDP, length 1060
07:16:24.650386 IP 112.74.89.58.34484 > 5ed92da5bdac.56257: UDP, length 1024
07:16:24.663599 IP 112.74.89.58.34484 > 5ed92da5bdac.56257: UDP, length 1024
07:16:24.663631 IP 5ed92da5bdac.2152 > enb.prod-oai-public-net.2152: UDP, length 1060
07:16:24.677155 IP 112.74.89.58.34484 > 5ed92da5bdac.56257: UDP, length 1024
07:16:24.690591 IP 112.74.89.58.34484 > 5ed92da5bdac.56257: UDP, length 1024
07:16:24.690615 IP 5ed92da5bdac.2152 > enb.prod-oai-public-net.2152: UDP, length 1060
07:16:24.703856 IP 112.74.89.58.34484 > 5ed92da5bdac.56257: UDP, length 1024
07:16:24.717321 IP 112.74.89.58.34484 > 5ed92da5bdac.56257: UDP, length 1024
07:16:24.717349 IP 5ed92da5bdac.2152 > enb.prod-oai-public-net.2152: UDP, length 1060
07:16:24.731405 IP 112.74.89.58.34484 > 5ed92da5bdac.56257: UDP, length 1024
07:16:24.743913 IP 112.74.89.58.34484 > 5ed92da5bdac.56257: UDP, length 1024
07:16:24.743956 IP 5ed92da5bdac.2152 > enb.prod-oai-public-net.2152: UDP, length 1060
07:16:24.757282 IP 112.74.89.58.34484 > 5ed92da5bdac.56257: UDP, length 1024
07:16:24.770569 IP 112.74.89.58.34484 > 5ed92da5bdac.56257: UDP, length 1024
07:16:24.770600 IP 5ed92da5bdac.2152 > enb.prod-oai-public-net.2152: UDP, length 1060
07:16:24.779965 ARP, Request who-has 10.0.0.127 tell 5ed92da5bdac, length 28
07:16:24.784863 IP 112.74.89.58.34484 > 5ed92da5bdac.56257: UDP, length 1024
07:16:24.800264 IP 112.74.89.58.34484 > 5ed92da5bdac.56257: UDP, length 1024
07:16:24.800309 IP 5ed92da5bdac.2152 > enb.prod-oai-public-net.2152: UDP, length 1060
07:16:24.810733 IP 112.74.89.58.34484 > 5ed92da5bdac.56257: UDP, length 1024
07:16:24.823927 IP 112.74.89.58.34484 > 5ed92da5bdac.56257: UDP, length 1024
07:16:24.824005 IP 5ed92da5bdac.2152 > enb.prod-oai-public-net.2152: UDP, length 1060
07:16:24.837611 IP 112.74.89.58.34484 > 5ed92da5bdac.56257: UDP, length 1024
07:16:24.850844 IP 112.74.89.58.34484 > 5ed92da5bdac.56257: UDP, length 1024
07:16:24.850886 IP 5ed92da5bdac.2152 > enb.prod-oai-public-net.2152: UDP, length 1060
07:16:24.863950 IP 112.74.89.58.34484 > 5ed92da5bdac.56257: UDP, length 1024
07:16:24.877401 IP 112.74.89.58.34484 > 5ed92da5bdac.56257: UDP, length 1024
07:16:24.877428 IP 5ed92da5bdac.2152 > enb.prod-oai-public-net.2152: UDP, length 1060
07:16:24.891864 IP 112.74.89.58.34484 > 5ed92da5bdac.56257: UDP, length 1024
07:16:24.904221 IP 112.74.89.58.34484 > 5ed92da5bdac.56257: UDP, length 1024
07:16:24.904244 IP 5ed92da5bdac.2152 > enb.prod-oai-public-net.2152: UDP, length 1060
07:16:24.917447 IP 112.74.89.58.34484 > 5ed92da5bdac.56257: UDP, length 1024
07:16:24.930859 IP 112.74.89.58.34484 > 5ed92da5bdac.56257: UDP, length 1024
07:16:24.930885 IP 5ed92da5bdac.2152 > enb.prod-oai-public-net.2152: UDP, length 1060
07:16:24.945590 IP 112.74.89.58.34484 > 5ed92da5bdac.56257: UDP, length 1024
07:16:24.957593 IP 112.74.89.58.34484 > 5ed92da5bdac.56257: UDP, length 1024
07:16:24.957619 IP 5ed92da5bdac.2152 > enb.prod-oai-public-net.2152: UDP, length 1060
07:16:24.970973 IP 112.74.89.58.34484 > 5ed92da5bdac.56257: UDP, length 1024
07:16:24.984239 IP 112.74.89.58.34484 > 5ed92da5bdac.56257: UDP, length 1024
07:16:24.984260 IP 5ed92da5bdac.2152 > enb.prod-oai-public-net.2152: UDP, length 1060
07:16:24.997660 IP 112.74.89.58.34484 > 5ed92da5bdac.56257: UDP, length 1024
07:16:25.011100 IP 112.74.89.58.34484 > 5ed92da5bdac.56257: UDP, length 1024
07:16:25.011144 IP 5ed92da5bdac.2152 > enb.prod-oai-public-net.2152: UDP, length 1060
07:16:25.025176 IP 112.74.89.58.34484 > 5ed92da5bdac.56257: UDP, length 1024
07:16:25.037704 IP 112.74.89.58.34484 > 5ed92da5bdac.56257: UDP, length 1024
07:16:25.037726 IP 5ed92da5bdac.2152 > enb.prod-oai-public-net.2152: UDP, length 1060
07:16:25.051195 IP 112.74.89.58.34484 > 5ed92da5bdac.56257: UDP, length 1024
07:16:25.064555 IP 112.74.89.58.34484 > 5ed92da5bdac.56257: UDP, length 1024
07:16:25.064578 IP 5ed92da5bdac.2152 > enb.prod-oai-public-net.2152: UDP, length 1060
07:16:25.077843 IP 112.74.89.58.34484 > 5ed92da5bdac.56257: UDP, length 1024
07:16:25.091103 IP 112.74.89.58.34484 > 5ed92da5bdac.56257: UDP, length 1024
07:16:25.091175 IP 5ed92da5bdac.2152 > enb.prod-oai-public-net.2152: UDP, length 1060
07:16:25.104814 IP 112.74.89.58.34484 > 5ed92da5bdac.56257: UDP, length 1024
07:16:25.117913 IP 112.74.89.58.34484 > 5ed92da5bdac.56257: UDP, length 1024
07:16:25.117936 IP 5ed92da5bdac.2152 > enb.prod-oai-public-net.2152: UDP, length 1060
07:16:25.131426 IP 112.74.89.58.34484 > 5ed92da5bdac.56257: UDP, length 1024
07:16:25.144686 IP 112.74.89.58.34484 > 5ed92da5bdac.56257: UDP, length 1024
07:16:25.144745 IP 5ed92da5bdac.2152 > enb.prod-oai-public-net.2152: UDP, length 1060
07:16:25.158051 IP 112.74.89.58.34484 > 5ed92da5bdac.56257: UDP, length 1024
07:16:25.171266 IP 112.74.89.58.34484 > 5ed92da5bdac.56257: UDP, length 1024
07:16:25.184643 IP 112.74.89.58.34484 > 5ed92da5bdac.56257: UDP, length 1024
07:16:25.197963 IP 112.74.89.58.34484 > 5ed92da5bdac.56257: UDP, length 1024
07:16:25.211604 IP 112.74.89.58.34484 > 5ed92da5bdac.56257: UDP, length 1024
07:16:25.224774 IP 112.74.89.58.34484 > 5ed92da5bdac.56257: UDP, length 1024
07:16:25.238318 IP 112.74.89.58.34484 > 5ed92da5bdac.56257: UDP, length 1024
07:16:25.251683 IP 112.74.89.58.34484 > 5ed92da5bdac.56257: UDP, length 1024
07:16:25.264744 IP 112.74.89.58.34484 > 5ed92da5bdac.56257: UDP, length 1024
07:16:25.278325 IP 112.74.89.58.34484 > 5ed92da5bdac.56257: UDP, length 1024
07:16:25.291535 IP 112.74.89.58.34484 > 5ed92da5bdac.56257: UDP, length 1024
07:16:25.305348 IP 112.74.89.58.34484 > 5ed92da5bdac.56257: UDP, length 1024
07:16:25.318403 IP 112.74.89.58.34484 > 5ed92da5bdac.56257: UDP, length 1024
07:16:25.331570 IP 112.74.89.58.34484 > 5ed92da5bdac.56257: UDP, length 1024
07:16:25.345211 IP 112.74.89.58.34484 > 5ed92da5bdac.56257: UDP, length 1024
07:16:25.358283 IP 112.74.89.58.34484 > 5ed92da5bdac.56257: UDP, length 1024
07:16:25.371881 IP 112.74.89.58.34484 > 5ed92da5bdac.56257: UDP, length 1024
07:16:25.384973 IP 112.74.89.58.34484 > 5ed92da5bdac.56257: UDP, length 1024
07:16:25.398419 IP 112.74.89.58.34484 > 5ed92da5bdac.56257: UDP, length 1024
07:16:25.411777 IP 112.74.89.58.34484 > 5ed92da5bdac.56257: UDP, length 1024
07:16:25.425177 IP 112.74.89.58.34484 > 5ed92da5bdac.56257: UDP, length 1024
07:16:25.438575 IP 112.74.89.58.34484 > 5ed92da5bdac.56257: UDP, length 1024
07:16:25.451991 IP 112.74.89.58.34484 > 5ed92da5bdac.56257: UDP, length 1024
07:16:25.465286 IP 112.74.89.58.34484 > 5ed92da5bdac.56257: UDP, length 1024
07:16:25.478639 IP 112.74.89.58.34484 > 5ed92da5bdac.56257: UDP, length 1024
07:16:25.495573 IP 112.74.89.58.34484 > 5ed92da5bdac.56257: UDP, length 1024
07:16:25.506741 IP 112.74.89.58.34484 > 5ed92da5bdac.56257: UDP, length 1024
07:16:25.518554 IP 112.74.89.58.34484 > 5ed92da5bdac.56257: UDP, length 1024
07:16:25.531913 IP 112.74.89.58.34484 > 5ed92da5bdac.56257: UDP, length 1024
07:16:25.545843 IP 112.74.89.58.34484 > 5ed92da5bdac.56257: UDP, length 1024
07:16:25.558741 IP 112.74.89.58.34484 > 5ed92da5bdac.56257: UDP, length 1024
07:16:25.574778 IP 112.74.89.58.34484 > 5ed92da5bdac.56257: UDP, length 1024
07:16:25.585412 IP 112.74.89.58.34484 > 5ed92da5bdac.56257: UDP, length 1024
07:16:25.598763 IP 112.74.89.58.34484 > 5ed92da5bdac.56257: UDP, length 1024
07:16:25.612228 IP 112.74.89.58.34484 > 5ed92da5bdac.56257: UDP, length 1024
07:16:25.625434 IP 112.74.89.58.34484 > 5ed92da5bdac.56257: UDP, length 1024
07:16:25.638790 IP 112.74.89.58.34484 > 5ed92da5bdac.56257: UDP, length 1024
07:16:25.652400 IP 112.74.89.58.34484 > 5ed92da5bdac.56257: UDP, length 1024
07:16:25.665700 IP 112.74.89.58.34484 > 5ed92da5bdac.56257: UDP, length 1024
07:16:25.678764 IP 112.74.89.58.34484 > 5ed92da5bdac.56257: UDP, length 1024
07:16:25.692255 IP 112.74.89.58.34484 > 5ed92da5bdac.56257: UDP, length 1024
07:16:25.705563 IP 112.74.89.58.34484 > 5ed92da5bdac.56257: UDP, length 1024
07:16:25.719212 IP 112.74.89.58.34484 > 5ed92da5bdac.56257: UDP, length 1024
07:16:25.732539 IP 112.74.89.58.34484 > 5ed92da5bdac.56257: UDP, length 1024
07:16:25.745728 IP 112.74.89.58.34484 > 5ed92da5bdac.56257: UDP, length 1024
07:16:25.759235 IP 112.74.89.58.34484 > 5ed92da5bdac.56257: UDP, length 1024
07:16:25.772726 IP 112.74.89.58.34484 > 5ed92da5bdac.56257: UDP, length 1024
07:16:25.785849 IP 112.74.89.58.34484 > 5ed92da5bdac.56257: UDP, length 1024
07:16:25.799178 IP 112.74.89.58.34484 > 5ed92da5bdac.56257: UDP, length 1024
07:16:25.812481 IP 112.74.89.58.34484 > 5ed92da5bdac.56257: UDP, length 1024
07:16:25.826155 IP 112.74.89.58.34484 > 5ed92da5bdac.56257: UDP, length 1024
07:16:25.839490 IP 112.74.89.58.34484 > 5ed92da5bdac.56257: UDP, length 1024
07:16:25.852556 IP 112.74.89.58.34484 > 5ed92da5bdac.56257: UDP, length 1024
07:16:25.866013 IP 112.74.89.58.34484 > 5ed92da5bdac.56257: UDP, length 1024
07:16:25.879174 IP 112.74.89.58.34484 > 5ed92da5bdac.56257: UDP, length 1024
07:16:25.892840 IP 112.74.89.58.34484 > 5ed92da5bdac.56257: UDP, length 1024
07:16:25.906204 IP 112.74.89.58.34484 > 5ed92da5bdac.56257: UDP, length 1024
07:16:25.919594 IP 112.74.89.58.34484 > 5ed92da5bdac.56257: UDP, length 1024
07:16:25.932797 IP 112.74.89.58.34484 > 5ed92da5bdac.56257: UDP, length 1024
07:16:25.946256 IP 112.74.89.58.34484 > 5ed92da5bdac.56257: UDP, length 1024
07:16:25.959442 IP 112.74.89.58.34484 > 5ed92da5bdac.56257: UDP, length 1024
07:16:25.972856 IP 112.74.89.58.34484 > 5ed92da5bdac.56257: UDP, length 1024
07:16:25.986204 IP 112.74.89.58.34484 > 5ed92da5bdac.56257: UDP, length 1024
07:16:25.999655 IP 112.74.89.58.34484 > 5ed92da5bdac.56257: UDP, length 1024
07:16:26.012923 IP 112.74.89.58.34484 > 5ed92da5bdac.56257: UDP, length 1024
07:16:26.026401 IP 112.74.89.58.34484 > 5ed92da5bdac.56257: UDP, length 1024
07:16:26.039888 IP 112.74.89.58.34484 > 5ed92da5bdac.56257: UDP, length 1024
07:16:26.052964 IP 112.74.89.58.34484 > 5ed92da5bdac.56257: UDP, length 1024
07:16:26.066511 IP 112.74.89.58.34484 > 5ed92da5bdac.56257: UDP, length 1024
07:16:26.079826 IP 112.74.89.58.34484 > 5ed92da5bdac.56257: UDP, length 1024
07:16:26.092919 IP 112.74.89.58.34484 > 5ed92da5bdac.56257: UDP, length 1024
07:16:26.106555 IP 112.74.89.58.34484 > 5ed92da5bdac.56257: UDP, length 1024
07:16:26.119840 IP 112.74.89.58.34484 > 5ed92da5bdac.56257: UDP, length 1024
07:16:26.133279 IP 112.74.89.58.34484 > 5ed92da5bdac.56257: UDP, length 1024
07:16:26.148699 IP 112.74.89.58.34484 > 5ed92da5bdac.56257: UDP, length 1024
07:16:26.156207 IP enb.prod-oai-public-net.2152 > 5ed92da5bdac.2152: UDP, length 56
07:16:26.160582 IP 112.74.89.58.34484 > 5ed92da5bdac.56257: UDP, length 1024
07:16:26.173179 IP 112.74.89.58.34484 > 5ed92da5bdac.56257: UDP, length 1024
07:16:26.186700 IP 112.74.89.58.34484 > 5ed92da5bdac.56257: UDP, length 1024
07:16:26.200253 IP 112.74.89.58.34484 > 5ed92da5bdac.56257: UDP, length 1024
07:16:26.213403 IP 112.74.89.58.34484 > 5ed92da5bdac.56257: UDP, length 1024
07:16:26.226821 IP 112.74.89.58.34484 > 5ed92da5bdac.56257: UDP, length 1024
07:16:26.240165 IP 112.74.89.58.34484 > 5ed92da5bdac.56257: UDP, length 1024
07:16:26.253493 IP 112.74.89.58.34484 > 5ed92da5bdac.56257: UDP, length 1024
07:16:26.266965 IP 112.74.89.58.34484 > 5ed92da5bdac.56257: UDP, length 1024
07:16:26.280062 IP 112.74.89.58.34484 > 5ed92da5bdac.56257: UDP, length 1024
07:16:26.293511 IP 112.74.89.58.34484 > 5ed92da5bdac.56257: UDP, length 1024
07:16:26.306790 IP 112.74.89.58.34484 > 5ed92da5bdac.56257: UDP, length 1024
07:16:26.321255 IP 112.74.89.58.34484 > 5ed92da5bdac.56257: UDP, length 1024
07:16:26.333611 IP 112.74.89.58.34484 > 5ed92da5bdac.56257: UDP, length 1024
07:16:26.346933 IP 112.74.89.58.34484 > 5ed92da5bdac.56257: UDP, length 1024
07:16:26.361638 IP 112.74.89.58.34484 > 5ed92da5bdac.56257: UDP, length 1024
07:16:26.373569 IP 112.74.89.58.34484 > 5ed92da5bdac.56257: UDP, length 1024
07:16:26.387106 IP 112.74.89.58.34484 > 5ed92da5bdac.56257: UDP, length 1024
07:16:26.400345 IP 112.74.89.58.34484 > 5ed92da5bdac.56257: UDP, length 1024
07:16:26.413705 IP 112.74.89.58.34484 > 5ed92da5bdac.56257: UDP, length 1024
07:16:26.427050 IP 112.74.89.58.34484 > 5ed92da5bdac.56257: UDP, length 1024
07:16:26.440437 IP 112.74.89.58.34484 > 5ed92da5bdac.56257: UDP, length 1024
07:16:26.453734 IP 112.74.89.58.34484 > 5ed92da5bdac.56257: UDP, length 1024
07:16:26.467228 IP 112.74.89.58.34484 > 5ed92da5bdac.56257: UDP, length 1024
07:16:26.480494 IP 112.74.89.58.34484 > 5ed92da5bdac.56257: UDP, length 1024
07:16:26.493912 IP 112.74.89.58.34484 > 5ed92da5bdac.56257: UDP, length 1024
07:16:26.507287 IP 112.74.89.58.34484 > 5ed92da5bdac.56257: UDP, length 1024
07:16:26.520523 IP 112.74.89.58.34484 > 5ed92da5bdac.56257: UDP, length 1024
07:16:26.534014 IP 112.74.89.58.34484 > 5ed92da5bdac.56257: UDP, length 1024
07:16:26.547324 IP 112.74.89.58.34484 > 5ed92da5bdac.56257: UDP, length 1024
07:16:26.560682 IP 112.74.89.58.34484 > 5ed92da5bdac.56257: UDP, length 1024
07:16:26.574542 IP 112.74.89.58.34484 > 5ed92da5bdac.56257: UDP, length 1024
07:16:26.587263 IP 112.74.89.58.34484 > 5ed92da5bdac.56257: UDP, length 1024
07:16:26.601065 IP 112.74.89.58.34484 > 5ed92da5bdac.56257: UDP, length 1024
07:16:26.614211 IP 112.74.89.58.34484 > 5ed92da5bdac.56257: UDP, length 1024
07:16:26.627480 IP 112.74.89.58.34484 > 5ed92da5bdac.56257: UDP, length 1024
07:16:26.640863 IP 112.74.89.58.34484 > 5ed92da5bdac.56257: UDP, length 1024
07:16:26.654285 IP 112.74.89.58.34484 > 5ed92da5bdac.56257: UDP, length 1024
07:16:26.667714 IP 112.74.89.58.34484 > 5ed92da5bdac.56257: UDP, length 1024
07:16:26.680967 IP 112.74.89.58.34484 > 5ed92da5bdac.56257: UDP, length 1024
07:16:26.694269 IP 112.74.89.58.34484 > 5ed92da5bdac.56257: UDP, length 1024
07:16:26.707911 IP 112.74.89.58.34484 > 5ed92da5bdac.56257: UDP, length 1024
07:16:26.721761 IP 112.74.89.58.34484 > 5ed92da5bdac.56257: UDP, length 1024
07:16:26.734413 IP 112.74.89.58.34484 > 5ed92da5bdac.56257: UDP, length 1024
07:16:26.747978 IP 112.74.89.58.34484 > 5ed92da5bdac.56257: UDP, length 1024
07:16:26.761178 IP 112.74.89.58.34484 > 5ed92da5bdac.56257: UDP, length 1024
07:16:26.774513 IP 112.74.89.58.34484 > 5ed92da5bdac.56257: UDP, length 1024
07:16:26.787803 IP 112.74.89.58.34484 > 5ed92da5bdac.56257: UDP, length 1024
07:16:26.801163 IP 112.74.89.58.34484 > 5ed92da5bdac.56257: UDP, length 1024
07:16:26.814896 IP 112.74.89.58.34484 > 5ed92da5bdac.56257: UDP, length 1024
07:16:26.827816 IP 112.74.89.58.34484 > 5ed92da5bdac.56257: UDP, length 1024
07:16:26.841246 IP 112.74.89.58.34484 > 5ed92da5bdac.56257: UDP, length 1024
07:16:26.854433 IP 112.74.89.58.34484 > 5ed92da5bdac.56257: UDP, length 1024
07:16:26.867942 IP 112.74.89.58.34484 > 5ed92da5bdac.56257: UDP, length 1024
07:16:26.881221 IP 112.74.89.58.34484 > 5ed92da5bdac.56257: UDP, length 1024
07:16:26.894694 IP 112.74.89.58.34484 > 5ed92da5bdac.56257: UDP, length 1024
07:16:26.908070 IP 112.74.89.58.34484 > 5ed92da5bdac.56257: UDP, length 1024
07:16:26.921253 IP 112.74.89.58.34484 > 5ed92da5bdac.56257: UDP, length 1024
07:16:26.934742 IP 112.74.89.58.34484 > 5ed92da5bdac.56257: UDP, length 1024
07:16:26.948948 IP 112.74.89.58.34484 > 5ed92da5bdac.56257: UDP, length 1024
07:16:26.961642 IP 112.74.89.58.34484 > 5ed92da5bdac.56257: UDP, length 1024
07:16:26.975313 IP 112.74.89.58.34484 > 5ed92da5bdac.56257: UDP, length 1024
07:16:26.988464 IP 112.74.89.58.34484 > 5ed92da5bdac.56257: UDP, length 1024
07:16:27.001539 IP 112.74.89.58.34484 > 5ed92da5bdac.56257: UDP, length 1024
07:16:27.014840 IP 112.74.89.58.34484 > 5ed92da5bdac.56257: UDP, length 1024
07:16:27.028268 IP 112.74.89.58.34484 > 5ed92da5bdac.56257: UDP, length 1024
07:16:27.041571 IP 112.74.89.58.34484 > 5ed92da5bdac.56257: UDP, length 1024
07:16:27.056004 IP 112.74.89.58.34484 > 5ed92da5bdac.56257: UDP, length 1024
07:16:27.068307 IP 112.74.89.58.34484 > 5ed92da5bdac.56257: UDP, length 1024
07:16:27.083025 IP 112.74.89.58.34484 > 5ed92da5bdac.56257: UDP, length 1024
07:16:27.095117 IP 112.74.89.58.34484 > 5ed92da5bdac.56257: UDP, length 1024
07:16:27.108460 IP 112.74.89.58.34484 > 5ed92da5bdac.56257: UDP, length 1024
07:16:27.121753 IP 112.74.89.58.34484 > 5ed92da5bdac.56257: UDP, length 1024
07:16:27.135059 IP 112.74.89.58.34484 > 5ed92da5bdac.56257: UDP, length 1024
07:16:27.148523 IP 112.74.89.58.34484 > 5ed92da5bdac.56257: UDP, length 1024
07:16:27.161970 IP 112.74.89.58.34484 > 5ed92da5bdac.56257: UDP, length 1024
07:16:27.175217 IP 112.74.89.58.34484 > 5ed92da5bdac.56257: UDP, length 1024
07:16:27.188539 IP 112.74.89.58.34484 > 5ed92da5bdac.56257: UDP, length 1024
07:16:27.201987 IP 112.74.89.58.34484 > 5ed92da5bdac.56257: UDP, length 1024
07:16:27.215271 IP 112.74.89.58.34484 > 5ed92da5bdac.56257: UDP, length 1024
07:16:27.228595 IP 112.74.89.58.34484 > 5ed92da5bdac.56257: UDP, length 1024
07:16:27.241881 IP 112.74.89.58.34484 > 5ed92da5bdac.56257: UDP, length 1024
07:16:27.255639 IP 112.74.89.58.34484 > 5ed92da5bdac.56257: UDP, length 1024
07:16:27.268830 IP 112.74.89.58.34484 > 5ed92da5bdac.56257: UDP, length 1024
07:16:27.282125 IP 112.74.89.58.34484 > 5ed92da5bdac.56257: UDP, length 1024
07:16:27.295613 IP 112.74.89.58.34484 > 5ed92da5bdac.56257: UDP, length 1024
07:16:27.308835 IP 112.74.89.58.34484 > 5ed92da5bdac.56257: UDP, length 1024
07:16:27.322619 IP 112.74.89.58.34484 > 5ed92da5bdac.56257: UDP, length 1024
07:16:27.335500 IP 112.74.89.58.34484 > 5ed92da5bdac.56257: UDP, length 1024
07:16:27.348783 IP 112.74.89.58.34484 > 5ed92da5bdac.56257: UDP, length 1024
07:16:27.362349 IP 112.74.89.58.34484 > 5ed92da5bdac.56257: UDP, length 1024
07:16:27.377882 IP 112.74.89.58.34484 > 5ed92da5bdac.56257: UDP, length 1024
07:16:27.388921 IP 112.74.89.58.34484 > 5ed92da5bdac.56257: UDP, length 1024
07:16:27.402381 IP 112.74.89.58.34484 > 5ed92da5bdac.56257: UDP, length 1024
07:16:27.416243 IP 112.74.89.58.34484 > 5ed92da5bdac.56257: UDP, length 1024
07:16:27.428956 IP 112.74.89.58.34484 > 5ed92da5bdac.56257: UDP, length 1024
07:16:27.442434 IP 112.74.89.58.34484 > 5ed92da5bdac.56257: UDP, length 1024
07:16:27.455798 IP 112.74.89.58.34484 > 5ed92da5bdac.56257: UDP, length 1024
07:16:27.469192 IP 112.74.89.58.34484 > 5ed92da5bdac.56257: UDP, length 1024
07:16:27.482411 IP 112.74.89.58.34484 > 5ed92da5bdac.56257: UDP, length 1024
07:16:27.495734 IP 112.74.89.58.34484 > 5ed92da5bdac.56257: UDP, length 1024
07:16:27.509106 IP 112.74.89.58.34484 > 5ed92da5bdac.56257: UDP, length 1024
07:16:27.522598 IP 112.74.89.58.34484 > 5ed92da5bdac.56257: UDP, length 1024
07:16:27.536071 IP 112.74.89.58.34484 > 5ed92da5bdac.56257: UDP, length 1024
07:16:27.549200 IP 112.74.89.58.34484 > 5ed92da5bdac.56257: UDP, length 1024
07:16:27.562665 IP 112.74.89.58.34484 > 5ed92da5bdac.56257: UDP, length 1024
07:16:27.575893 IP 112.74.89.58.34484 > 5ed92da5bdac.56257: UDP, length 1024
07:16:27.589258 IP 112.74.89.58.34484 > 5ed92da5bdac.56257: UDP, length 1024
07:16:27.602800 IP 112.74.89.58.34484 > 5ed92da5bdac.56257: UDP, length 1024
07:16:27.615973 IP 112.74.89.58.34484 > 5ed92da5bdac.56257: UDP, length 1024
07:16:27.633522 IP 112.74.89.58.34484 > 5ed92da5bdac.56257: UDP, length 1024
07:16:27.642757 IP 112.74.89.58.34484 > 5ed92da5bdac.56257: UDP, length 1024
07:16:27.656175 IP 112.74.89.58.34484 > 5ed92da5bdac.56257: UDP, length 1024
07:16:27.669455 IP 112.74.89.58.34484 > 5ed92da5bdac.56257: UDP, length 1024
07:16:27.682891 IP 112.74.89.58.34484 > 5ed92da5bdac.56257: UDP, length 1024
07:16:27.697016 IP 112.74.89.58.34484 > 5ed92da5bdac.56257: UDP, length 1024
07:16:27.709491 IP 112.74.89.58.34484 > 5ed92da5bdac.56257: UDP, length 1024
07:16:27.723938 IP 112.74.89.58.34484 > 5ed92da5bdac.56257: UDP, length 1024
07:16:27.736296 IP 112.74.89.58.34484 > 5ed92da5bdac.56257: UDP, length 1024
07:16:27.749569 IP 112.74.89.58.34484 > 5ed92da5bdac.56257: UDP, length 1024
07:16:27.763150 IP 112.74.89.58.34484 > 5ed92da5bdac.56257: UDP, length 1024
07:16:27.776308 IP 112.74.89.58.34484 > 5ed92da5bdac.56257: UDP, length 1024
07:16:27.787949 ARP, Request who-has enb.prod-oai-public-net tell 5ed92da5bdac, length 28
07:16:27.787954 ARP, Request who-has 192.168.61.1 tell 5ed92da5bdac, length 28
07:16:27.787949 ARP, Request who-has 5ed92da5bdac tell 192.168.61.1, length 28
07:16:27.787960 ARP, Reply 5ed92da5bdac is-at 02:42:c0:a8:3d:05 (oui Unknown), length 28
07:16:27.787965 ARP, Reply 192.168.61.1 is-at 02:42:bb:f9:30:3b (oui Unknown), length 28
07:16:27.787971 ARP, Reply enb.prod-oai-public-net is-at 02:42:c0:a8:3d:07 (oui Unknown), length 28
07:16:27.789979 IP 112.74.89.58.34484 > 5ed92da5bdac.56257: UDP, length 1024
07:16:27.803021 IP 112.74.89.58.34484 > 5ed92da5bdac.56257: UDP, length 1024
07:16:27.816508 IP 112.74.89.58.34484 > 5ed92da5bdac.56257: UDP, length 1024
07:16:27.829715 IP 112.74.89.58.34484 > 5ed92da5bdac.56257: UDP, length 1024
07:16:27.843167 IP 112.74.89.58.34484 > 5ed92da5bdac.56257: UDP, length 1024
07:16:27.856482 IP 112.74.89.58.34484 > 5ed92da5bdac.56257: UDP, length 1024
07:16:27.869773 IP 112.74.89.58.34484 > 5ed92da5bdac.56257: UDP, length 1024
07:16:27.883325 IP 112.74.89.58.34484 > 5ed92da5bdac.56257: UDP, length 1024
07:16:27.898078 IP 112.74.89.58.34484 > 5ed92da5bdac.56257: UDP, length 1024
07:16:27.910056 IP 112.74.89.58.34484 > 5ed92da5bdac.56257: UDP, length 1024
07:16:27.923398 IP 112.74.89.58.34484 > 5ed92da5bdac.56257: UDP, length 1024
07:16:27.936700 IP 112.74.89.58.34484 > 5ed92da5bdac.56257: UDP, length 1024
07:16:27.950158 IP 112.74.89.58.34484 > 5ed92da5bdac.56257: UDP, length 1024
07:16:27.966774 IP 112.74.89.58.34484 > 5ed92da5bdac.56257: UDP, length 1024
07:16:27.976855 IP 112.74.89.58.34484 > 5ed92da5bdac.56257: UDP, length 1024
07:16:27.989977 IP 112.74.89.58.34484 > 5ed92da5bdac.56257: UDP, length 1024
07:16:28.004069 IP 112.74.89.58.34484 > 5ed92da5bdac.56257: UDP, length 1024
07:16:28.016703 IP 112.74.89.58.34484 > 5ed92da5bdac.56257: UDP, length 1024
07:16:28.030182 IP 112.74.89.58.34484 > 5ed92da5bdac.56257: UDP, length 1024
07:16:28.043471 IP 112.74.89.58.34484 > 5ed92da5bdac.56257: UDP, length 1024
07:16:28.056855 IP 112.74.89.58.34484 > 5ed92da5bdac.56257: UDP, length 1024
07:16:28.070330 IP 112.74.89.58.34484 > 5ed92da5bdac.56257: UDP, length 1024
07:16:28.083818 IP 112.74.89.58.34484 > 5ed92da5bdac.56257: UDP, length 1024
07:16:28.096934 IP 112.74.89.58.34484 > 5ed92da5bdac.56257: UDP, length 1024
07:16:28.110214 IP 112.74.89.58.34484 > 5ed92da5bdac.56257: UDP, length 1024
07:16:28.123611 IP 112.74.89.58.34484 > 5ed92da5bdac.56257: UDP, length 1024
07:16:28.137340 IP 112.74.89.58.34484 > 5ed92da5bdac.56257: UDP, length 1024
07:16:28.150481 IP 112.74.89.58.34484 > 5ed92da5bdac.56257: UDP, length 1024
07:16:28.163664 IP 112.74.89.58.34484 > 5ed92da5bdac.56257: UDP, length 1024
07:16:28.177159 IP 112.74.89.58.34484 > 5ed92da5bdac.56257: UDP, length 1024
07:16:28.190874 IP 112.74.89.58.34484 > 5ed92da5bdac.56257: UDP, length 1024
07:16:28.206987 IP 112.74.89.58.34484 > 5ed92da5bdac.56257: UDP, length 1024
07:16:28.220951 IP 112.74.89.58.34484 > 5ed92da5bdac.56257: UDP, length 1024
07:16:28.230458 IP 112.74.89.58.34484 > 5ed92da5bdac.56257: UDP, length 1024
07:16:28.243914 IP 112.74.89.58.34484 > 5ed92da5bdac.56257: UDP, length 1024
07:16:28.257346 IP 112.74.89.58.34484 > 5ed92da5bdac.56257: UDP, length 1024
07:16:28.270932 IP 112.74.89.58.34484 > 5ed92da5bdac.56257: UDP, length 1024
07:16:28.284000 IP 112.74.89.58.34484 > 5ed92da5bdac.56257: UDP, length 1024
07:16:28.297288 IP 112.74.89.58.34484 > 5ed92da5bdac.56257: UDP, length 1024
07:16:28.310816 IP 112.74.89.58.34484 > 5ed92da5bdac.56257: UDP, length 1024
07:16:28.324149 IP 112.74.89.58.34484 > 5ed92da5bdac.56257: UDP, length 1024
07:16:28.337459 IP 112.74.89.58.34484 > 5ed92da5bdac.56257: UDP, length 1024
07:16:28.350877 IP 112.74.89.58.34484 > 5ed92da5bdac.56257: UDP, length 1024
07:16:28.364080 IP 112.74.89.58.34484 > 5ed92da5bdac.56257: UDP, length 1024
07:16:28.377525 IP 112.74.89.58.34484 > 5ed92da5bdac.56257: UDP, length 1024
07:16:28.391099 IP 112.74.89.58.34484 > 5ed92da5bdac.56257: UDP, length 1024
07:16:28.404349 IP 112.74.89.58.34484 > 5ed92da5bdac.56257: UDP, length 1024
07:16:28.418908 IP 112.74.89.58.34484 > 5ed92da5bdac.56257: UDP, length 1024
07:16:28.441231 IP 112.74.89.58.34484 > 5ed92da5bdac.56257: UDP, length 1024
07:16:28.447581 IP 112.74.89.58.34484 > 5ed92da5bdac.56257: UDP, length 1024
07:16:28.457967 IP 112.74.89.58.34484 > 5ed92da5bdac.56257: UDP, length 1024
07:16:28.471058 IP 112.74.89.58.34484 > 5ed92da5bdac.56257: UDP, length 1024
07:16:28.487013 IP 112.74.89.58.34484 > 5ed92da5bdac.56257: UDP, length 1024
07:16:28.497583 IP 112.74.89.58.34484 > 5ed92da5bdac.56257: UDP, length 1024
07:16:28.515334 IP 112.74.89.58.34484 > 5ed92da5bdac.56257: UDP, length 1024
07:16:28.527067 IP 112.74.89.58.34484 > 5ed92da5bdac.56257: UDP, length 1024
07:16:28.537743 IP 112.74.89.58.34484 > 5ed92da5bdac.56257: UDP, length 1024
07:16:28.551416 IP 112.74.89.58.34484 > 5ed92da5bdac.56257: UDP, length 1024
07:16:28.564413 IP 112.74.89.58.34484 > 5ed92da5bdac.56257: UDP, length 1024
07:16:28.578020 IP 112.74.89.58.34484 > 5ed92da5bdac.56257: UDP, length 1024
07:16:28.591247 IP 112.74.89.58.34484 > 5ed92da5bdac.56257: UDP, length 1024
07:16:28.604680 IP 112.74.89.58.34484 > 5ed92da5bdac.56257: UDP, length 1024
07:16:28.618177 IP 112.74.89.58.34484 > 5ed92da5bdac.56257: UDP, length 1024
07:16:28.620262 IP 5ed92da5bdac.56037 > ns.fudan.edu.cn.domain: 1071+ PTR? 1.61.168.192.in-addr.arpa. (43)
07:16:28.620664 IP ns.fudan.edu.cn.domain > 5ed92da5bdac.56037: 1071 NXDomain* 0/1/0 (98)
07:16:28.631353 IP 112.74.89.58.34484 > 5ed92da5bdac.56257: UDP, length 1024
07:16:28.644800 IP 112.74.89.58.34484 > 5ed92da5bdac.56257: UDP, length 1024
07:16:28.658045 IP 112.74.89.58.34484 > 5ed92da5bdac.56257: UDP, length 1024
07:16:28.672355 IP 112.74.89.58.34484 > 5ed92da5bdac.56257: UDP, length 1024
07:16:28.684683 IP 112.74.89.58.34484 > 5ed92da5bdac.56257: UDP, length 1024
07:16:28.698201 IP 112.74.89.58.34484 > 5ed92da5bdac.56257: UDP, length 1024
07:16:28.714438 IP 112.74.89.58.34484 > 5ed92da5bdac.56257: UDP, length 1024
07:16:28.724847 IP 112.74.89.58.34484 > 5ed92da5bdac.56257: UDP, length 1024
07:16:28.738344 IP 112.74.89.58.34484 > 5ed92da5bdac.56257: UDP, length 1024
07:16:28.751502 IP 112.74.89.58.34484 > 5ed92da5bdac.56257: UDP, length 1024
07:16:28.765187 IP 112.74.89.58.34484 > 5ed92da5bdac.56257: UDP, length 1024
07:16:28.778181 IP 112.74.89.58.34484 > 5ed92da5bdac.56257: UDP, length 1024
07:16:28.791750 IP 112.74.89.58.34484 > 5ed92da5bdac.56257: UDP, length 1024
07:16:28.804971 IP 112.74.89.58.34484 > 5ed92da5bdac.56257: UDP, length 1024
07:16:28.818409 IP 112.74.89.58.34484 > 5ed92da5bdac.56257: UDP, length 1024
07:16:28.831750 IP 112.74.89.58.34484 > 5ed92da5bdac.56257: UDP, length 1024
07:16:28.845576 IP 112.74.89.58.34484 > 5ed92da5bdac.56257: UDP, length 1024
07:16:28.858421 IP 112.74.89.58.34484 > 5ed92da5bdac.56257: UDP, length 1024
07:16:28.871784 IP 112.74.89.58.34484 > 5ed92da5bdac.56257: UDP, length 1024
07:16:28.885251 IP 112.74.89.58.34484 > 5ed92da5bdac.56257: UDP, length 1024
07:16:28.898676 IP 112.74.89.58.34484 > 5ed92da5bdac.56257: UDP, length 1024
07:16:28.911856 IP 112.74.89.58.34484 > 5ed92da5bdac.56257: UDP, length 1024
07:16:28.925235 IP 112.74.89.58.34484 > 5ed92da5bdac.56257: UDP, length 1024
07:16:28.938832 IP 112.74.89.58.34484 > 5ed92da5bdac.56257: UDP, length 1024
07:16:28.952267 IP 112.74.89.58.34484 > 5ed92da5bdac.56257: UDP, length 1024
07:16:28.965337 IP 112.74.89.58.34484 > 5ed92da5bdac.56257: UDP, length 1024
07:16:28.978657 IP 112.74.89.58.34484 > 5ed92da5bdac.56257: UDP, length 1024
07:16:28.992147 IP 112.74.89.58.34484 > 5ed92da5bdac.56257: UDP, length 1024
07:16:29.005291 IP 112.74.89.58.34484 > 5ed92da5bdac.56257: UDP, length 1024
07:16:29.018792 IP 112.74.89.58.34484 > 5ed92da5bdac.56257: UDP, length 1024
07:16:29.032300 IP 112.74.89.58.34484 > 5ed92da5bdac.56257: UDP, length 1024
07:16:29.045445 IP 112.74.89.58.34484 > 5ed92da5bdac.56257: UDP, length 1024
07:16:29.058854 IP 112.74.89.58.34484 > 5ed92da5bdac.56257: UDP, length 1024
07:16:29.072192 IP 112.74.89.58.34484 > 5ed92da5bdac.56257: UDP, length 1024
07:16:29.085700 IP 112.74.89.58.34484 > 5ed92da5bdac.56257: UDP, length 1024
07:16:29.098908 IP 112.74.89.58.34484 > 5ed92da5bdac.56257: UDP, length 1024
07:16:29.112139 IP 112.74.89.58.34484 > 5ed92da5bdac.56257: UDP, length 1024
07:16:29.125557 IP 112.74.89.58.34484 > 5ed92da5bdac.56257: UDP, length 1024
07:16:29.139215 IP 112.74.89.58.34484 > 5ed92da5bdac.56257: UDP, length 1024
07:16:29.152290 IP 112.74.89.58.34484 > 5ed92da5bdac.56257: UDP, length 1024
07:16:29.165731 IP 112.74.89.58.34484 > 5ed92da5bdac.56257: UDP, length 1024
07:16:29.178916 IP 112.74.89.58.34484 > 5ed92da5bdac.56257: UDP, length 1024
07:16:29.192311 IP 112.74.89.58.34484 > 5ed92da5bdac.56257: UDP, length 1024
07:16:29.205658 IP 112.74.89.58.34484 > 5ed92da5bdac.56257: UDP, length 1024
07:16:29.219216 IP 112.74.89.58.34484 > 5ed92da5bdac.56257: UDP, length 1024
07:16:29.232404 IP 112.74.89.58.34484 > 5ed92da5bdac.56257: UDP, length 1024
07:16:29.245906 IP 112.74.89.58.34484 > 5ed92da5bdac.56257: UDP, length 1024
07:16:29.259282 IP 112.74.89.58.34484 > 5ed92da5bdac.56257: UDP, length 1024
07:16:29.276220 IP 112.74.89.58.34484 > 5ed92da5bdac.56257: UDP, length 1024
07:16:29.285940 IP 112.74.89.58.34484 > 5ed92da5bdac.56257: UDP, length 1024
07:16:29.299389 IP 112.74.89.58.34484 > 5ed92da5bdac.56257: UDP, length 1024
07:16:29.312961 IP 112.74.89.58.34484 > 5ed92da5bdac.56257: UDP, length 1024
07:16:29.325911 IP 112.74.89.58.34484 > 5ed92da5bdac.56257: UDP, length 1024
07:16:29.331155 IP 5ed92da5bdac.48424 > prod-oai-spgwc.prod-oai-public-net.8805: UDP, length 16
07:16:29.331218 IP prod-oai-spgwc.prod-oai-public-net.8805 > 5ed92da5bdac.48424: UDP, length 16
07:16:29.339415 IP 112.74.89.58.34484 > 5ed92da5bdac.56257: UDP, length 1024
07:16:29.352697 IP 112.74.89.58.34484 > 5ed92da5bdac.56257: UDP, length 1024
07:16:29.366045 IP 112.74.89.58.34484 > 5ed92da5bdac.56257: UDP, length 1024
07:16:29.379558 IP 112.74.89.58.34484 > 5ed92da5bdac.56257: UDP, length 1024
07:16:29.392790 IP 112.74.89.58.34484 > 5ed92da5bdac.56257: UDP, length 1024
07:16:29.406291 IP 112.74.89.58.34484 > 5ed92da5bdac.56257: UDP, length 1024
07:16:29.419390 IP 112.74.89.58.34484 > 5ed92da5bdac.56257: UDP, length 1024
07:16:29.433011 IP 112.74.89.58.34484 > 5ed92da5bdac.56257: UDP, length 1024
07:16:29.446161 IP 112.74.89.58.34484 > 5ed92da5bdac.56257: UDP, length 1024
07:16:29.459689 IP 112.74.89.58.34484 > 5ed92da5bdac.56257: UDP, length 1024
07:16:29.472953 IP 112.74.89.58.34484 > 5ed92da5bdac.56257: UDP, length 1024
07:16:29.486329 IP 112.74.89.58.34484 > 5ed92da5bdac.56257: UDP, length 1024
07:16:29.499728 IP 112.74.89.58.34484 > 5ed92da5bdac.56257: UDP, length 1024
07:16:29.513051 IP 112.74.89.58.34484 > 5ed92da5bdac.56257: UDP, length 1024
07:16:29.526377 IP 112.74.89.58.34484 > 5ed92da5bdac.56257: UDP, length 1024
07:16:29.539692 IP 112.74.89.58.34484 > 5ed92da5bdac.56257: UDP, length 1024
07:16:29.553128 IP 112.74.89.58.34484 > 5ed92da5bdac.56257: UDP, length 1024
07:16:29.566541 IP 112.74.89.58.34484 > 5ed92da5bdac.56257: UDP, length 1024
07:16:29.579871 IP 112.74.89.58.34484 > 5ed92da5bdac.56257: UDP, length 1024
07:16:29.593035 IP 112.74.89.58.34484 > 5ed92da5bdac.56257: UDP, length 1024
07:16:29.606844 IP 112.74.89.58.34484 > 5ed92da5bdac.56257: UDP, length 1024
07:16:29.619893 IP 112.74.89.58.34484 > 5ed92da5bdac.56257: UDP, length 1024
07:16:29.633296 IP 112.74.89.58.34484 > 5ed92da5bdac.56257: UDP, length 1024
07:16:29.646549 IP 112.74.89.58.34484 > 5ed92da5bdac.56257: UDP, length 1024
07:16:29.660027 IP 112.74.89.58.34484 > 5ed92da5bdac.56257: UDP, length 1024
07:16:29.673501 IP 112.74.89.58.34484 > 5ed92da5bdac.56257: UDP, length 1024
07:16:29.686621 IP 112.74.89.58.34484 > 5ed92da5bdac.56257: UDP, length 1024
07:16:29.700132 IP 112.74.89.58.34484 > 5ed92da5bdac.56257: UDP, length 1024
07:16:29.713481 IP 112.74.89.58.34484 > 5ed92da5bdac.56257: UDP, length 1024
07:16:29.726883 IP 112.74.89.58.34484 > 5ed92da5bdac.56257: UDP, length 1024
07:16:29.740148 IP 112.74.89.58.34484 > 5ed92da5bdac.56257: UDP, length 1024
07:16:29.753910 IP 112.74.89.58.34484 > 5ed92da5bdac.56257: UDP, length 1024
07:16:29.767077 IP 112.74.89.58.34484 > 5ed92da5bdac.56257: UDP, length 1024
07:16:29.780186 IP 112.74.89.58.34484 > 5ed92da5bdac.56257: UDP, length 1024
07:16:29.793513 IP 112.74.89.58.34484 > 5ed92da5bdac.56257: UDP, length 1024
07:16:29.806883 IP 112.74.89.58.34484 > 5ed92da5bdac.56257: UDP, length 1024
07:16:29.820415 IP 112.74.89.58.34484 > 5ed92da5bdac.56257: UDP, length 1024
07:16:29.833608 IP 112.74.89.58.34484 > 5ed92da5bdac.56257: UDP, length 1024
07:16:29.847026 IP 112.74.89.58.34484 > 5ed92da5bdac.56257: UDP, length 1024
07:16:29.860366 IP 112.74.89.58.34484 > 5ed92da5bdac.56257: UDP, length 1024
07:16:29.873883 IP 112.74.89.58.34484 > 5ed92da5bdac.56257: UDP, length 1024
07:16:29.887225 IP 112.74.89.58.34484 > 5ed92da5bdac.56257: UDP, length 1024
07:16:29.900586 IP 112.74.89.58.34484 > 5ed92da5bdac.56257: UDP, length 1024
07:16:29.913914 IP 112.74.89.58.34484 > 5ed92da5bdac.56257: UDP, length 1024
07:16:29.927144 IP 112.74.89.58.34484 > 5ed92da5bdac.56257: UDP, length 1024
07:16:29.940541 IP 112.74.89.58.34484 > 5ed92da5bdac.56257: UDP, length 1024
07:16:29.954337 IP 112.74.89.58.34484 > 5ed92da5bdac.56257: UDP, length 1024
07:16:29.967192 IP 112.74.89.58.34484 > 5ed92da5bdac.56257: UDP, length 1024
07:16:29.980580 IP 112.74.89.58.34484 > 5ed92da5bdac.56257: UDP, length 1024
07:16:29.993957 IP 112.74.89.58.34484 > 5ed92da5bdac.56257: UDP, length 1024
07:16:30.007365 IP 112.74.89.58.34484 > 5ed92da5bdac.56257: UDP, length 1024
07:16:30.020878 IP 112.74.89.58.34484 > 5ed92da5bdac.56257: UDP, length 1024
07:16:30.033947 IP 112.74.89.58.34484 > 5ed92da5bdac.56257: UDP, length 1024
07:16:30.047656 IP 112.74.89.58.34484 > 5ed92da5bdac.56257: UDP, length 1024
07:16:30.061527 IP 112.74.89.58.34484 > 5ed92da5bdac.56257: UDP, length 1024
07:16:30.074170 IP 112.74.89.58.34484 > 5ed92da5bdac.56257: UDP, length 1024
07:16:30.088644 IP 112.74.89.58.34484 > 5ed92da5bdac.56257: UDP, length 1024
07:16:30.100810 IP 112.74.89.58.34484 > 5ed92da5bdac.56257: UDP, length 1024
07:16:30.115007 IP 112.74.89.58.34484 > 5ed92da5bdac.56257: UDP, length 1024
07:16:30.127656 IP 112.74.89.58.34484 > 5ed92da5bdac.56257: UDP, length 1024
07:16:30.140994 IP 112.74.89.58.34484 > 5ed92da5bdac.56257: UDP, length 1024
07:16:30.154267 IP 112.74.89.58.34484 > 5ed92da5bdac.56257: UDP, length 1024
07:16:30.167908 IP 112.74.89.58.34484 > 5ed92da5bdac.56257: UDP, length 1024
07:16:30.181070 IP 112.74.89.58.34484 > 5ed92da5bdac.56257: UDP, length 1024
07:16:30.194495 IP 112.74.89.58.34484 > 5ed92da5bdac.56257: UDP, length 1024
07:16:30.207729 IP 112.74.89.58.34484 > 5ed92da5bdac.56257: UDP, length 1024
07:16:30.221023 IP 112.74.89.58.34484 > 5ed92da5bdac.56257: UDP, length 1024
07:16:30.234306 IP 112.74.89.58.34484 > 5ed92da5bdac.56257: UDP, length 1024
07:16:30.247744 IP 112.74.89.58.34484 > 5ed92da5bdac.56257: UDP, length 1024
07:16:30.261204 IP 112.74.89.58.34484 > 5ed92da5bdac.56257: UDP, length 1024
07:16:30.274429 IP 112.74.89.58.34484 > 5ed92da5bdac.56257: UDP, length 1024
07:16:30.288801 IP 112.74.89.58.34484 > 5ed92da5bdac.56257: UDP, length 1024
07:16:30.301168 IP 112.74.89.58.34484 > 5ed92da5bdac.56257: UDP, length 1024
07:16:30.314644 IP 112.74.89.58.34484 > 5ed92da5bdac.56257: UDP, length 1024
07:16:30.327976 IP 112.74.89.58.34484 > 5ed92da5bdac.56257: UDP, length 1024
07:16:30.341509 IP 112.74.89.58.34484 > 5ed92da5bdac.56257: UDP, length 1024
07:16:30.354908 IP 112.74.89.58.34484 > 5ed92da5bdac.56257: UDP, length 1024
07:16:30.368039 IP 112.74.89.58.34484 > 5ed92da5bdac.56257: UDP, length 1024
07:16:30.381476 IP 112.74.89.58.34484 > 5ed92da5bdac.56257: UDP, length 1024
07:16:30.394721 IP 112.74.89.58.34484 > 5ed92da5bdac.56257: UDP, length 1024
07:16:30.408025 IP 112.74.89.58.34484 > 5ed92da5bdac.56257: UDP, length 1024
07:16:30.421571 IP 112.74.89.58.34484 > 5ed92da5bdac.56257: UDP, length 1024
07:16:30.434742 IP 112.74.89.58.34484 > 5ed92da5bdac.56257: UDP, length 1024
07:16:30.449055 IP 112.74.89.58.34484 > 5ed92da5bdac.56257: UDP, length 1024
07:16:30.461474 IP 112.74.89.58.34484 > 5ed92da5bdac.56257: UDP, length 1024
07:16:30.474963 IP 112.74.89.58.34484 > 5ed92da5bdac.56257: UDP, length 1024
07:16:30.488169 IP 112.74.89.58.34484 > 5ed92da5bdac.56257: UDP, length 1024
07:16:30.501588 IP 112.74.89.58.34484 > 5ed92da5bdac.56257: UDP, length 1024
07:16:30.514919 IP 112.74.89.58.34484 > 5ed92da5bdac.56257: UDP, length 1024
07:16:30.528371 IP 112.74.89.58.34484 > 5ed92da5bdac.56257: UDP, length 1024
07:16:30.541661 IP 112.74.89.58.34484 > 5ed92da5bdac.56257: UDP, length 1024
07:16:30.555059 IP 112.74.89.58.34484 > 5ed92da5bdac.56257: UDP, length 1024
07:16:30.568449 IP 112.74.89.58.34484 > 5ed92da5bdac.56257: UDP, length 1024
07:16:30.582096 IP 112.74.89.58.34484 > 5ed92da5bdac.56257: UDP, length 1024
07:16:30.595170 IP 112.74.89.58.34484 > 5ed92da5bdac.56257: UDP, length 1024
07:16:30.608562 IP 112.74.89.58.34484 > 5ed92da5bdac.56257: UDP, length 1024
07:16:30.621883 IP 112.74.89.58.34484 > 5ed92da5bdac.56257: UDP, length 1024
07:16:30.635196 IP 112.74.89.58.34484 > 5ed92da5bdac.56257: UDP, length 1024
07:16:30.648420 IP 112.74.89.58.34484 > 5ed92da5bdac.56257: UDP, length 1024
07:16:30.663350 IP 112.74.89.58.34484 > 5ed92da5bdac.56257: UDP, length 1024
07:16:30.675298 IP 112.74.89.58.34484 > 5ed92da5bdac.56257: UDP, length 1024
07:16:30.688498 IP 112.74.89.58.34484 > 5ed92da5bdac.56257: UDP, length 1024
07:16:30.701927 IP 112.74.89.58.34484 > 5ed92da5bdac.56257: UDP, length 1024
07:16:30.715257 IP 112.74.89.58.34484 > 5ed92da5bdac.56257: UDP, length 1024
07:16:30.731278 IP 112.74.89.58.34484 > 5ed92da5bdac.56257: UDP, length 1024
07:16:30.742028 IP 112.74.89.58.34484 > 5ed92da5bdac.56257: UDP, length 1024
07:16:30.755397 IP 112.74.89.58.34484 > 5ed92da5bdac.56257: UDP, length 1024
07:16:30.770079 IP 112.74.89.58.34484 > 5ed92da5bdac.56257: UDP, length 1024
07:16:30.782058 IP 112.74.89.58.34484 > 5ed92da5bdac.56257: UDP, length 1024
07:16:30.795462 IP 112.74.89.58.34484 > 5ed92da5bdac.56257: UDP, length 1024
07:16:30.809531 IP 112.74.89.58.34484 > 5ed92da5bdac.56257: UDP, length 1024
07:16:30.822309 IP 112.74.89.58.34484 > 5ed92da5bdac.56257: UDP, length 1024
07:16:30.835390 IP 112.74.89.58.34484 > 5ed92da5bdac.56257: UDP, length 1024
07:16:30.849069 IP 112.74.89.58.34484 > 5ed92da5bdac.56257: UDP, length 1024
07:16:30.862408 IP 112.74.89.58.34484 > 5ed92da5bdac.56257: UDP, length 1024
07:16:30.879676 IP 112.74.89.58.34484 > 5ed92da5bdac.56257: UDP, length 1024
07:16:30.889009 IP 112.74.89.58.34484 > 5ed92da5bdac.56257: UDP, length 1024
07:16:30.902342 IP 112.74.89.58.34484 > 5ed92da5bdac.56257: UDP, length 1024
07:16:30.915750 IP 112.74.89.58.34484 > 5ed92da5bdac.56257: UDP, length 1024
07:16:30.928979 IP 112.74.89.58.34484 > 5ed92da5bdac.56257: UDP, length 1024
07:16:30.942495 IP 112.74.89.58.34484 > 5ed92da5bdac.56257: UDP, length 1024
07:16:30.955901 IP 112.74.89.58.34484 > 5ed92da5bdac.56257: UDP, length 1024
07:16:30.969449 IP 112.74.89.58.34484 > 5ed92da5bdac.56257: UDP, length 1024
07:16:30.982489 IP 112.74.89.58.34484 > 5ed92da5bdac.56257: UDP, length 1024
07:16:30.995855 IP 112.74.89.58.34484 > 5ed92da5bdac.56257: UDP, length 1024
07:16:31.009298 IP 112.74.89.58.34484 > 5ed92da5bdac.56257: UDP, length 1024
07:16:31.022562 IP 112.74.89.58.34484 > 5ed92da5bdac.56257: UDP, length 1024
07:16:31.036200 IP 112.74.89.58.34484 > 5ed92da5bdac.56257: UDP, length 1024
07:16:31.049283 IP 112.74.89.58.34484 > 5ed92da5bdac.56257: UDP, length 1024
07:16:31.062754 IP 112.74.89.58.34484 > 5ed92da5bdac.56257: UDP, length 1024
07:16:31.076002 IP 112.74.89.58.34484 > 5ed92da5bdac.56257: UDP, length 1024
07:16:31.089302 IP 112.74.89.58.34484 > 5ed92da5bdac.56257: UDP, length 1024
07:16:31.102689 IP 112.74.89.58.34484 > 5ed92da5bdac.56257: UDP, length 1024
07:16:31.116125 IP 112.74.89.58.34484 > 5ed92da5bdac.56257: UDP, length 1024
07:16:31.129398 IP 112.74.89.58.34484 > 5ed92da5bdac.56257: UDP, length 1024
07:16:31.142972 IP 112.74.89.58.34484 > 5ed92da5bdac.56257: UDP, length 1024
07:16:31.156577 IP 112.74.89.58.34484 > 5ed92da5bdac.56257: UDP, length 1024
07:16:31.169534 IP 112.74.89.58.34484 > 5ed92da5bdac.56257: UDP, length 1024
07:16:31.182940 IP 112.74.89.58.34484 > 5ed92da5bdac.56257: UDP, length 1024
07:16:31.196314 IP 112.74.89.58.34484 > 5ed92da5bdac.56257: UDP, length 1024
07:16:31.209582 IP 112.74.89.58.34484 > 5ed92da5bdac.56257: UDP, length 1024
07:16:31.222994 IP 112.74.89.58.34484 > 5ed92da5bdac.56257: UDP, length 1024
07:16:31.236647 IP 112.74.89.58.34484 > 5ed92da5bdac.56257: UDP, length 1024
07:16:31.249724 IP 112.74.89.58.34484 > 5ed92da5bdac.56257: UDP, length 1024
07:16:31.263207 IP 112.74.89.58.34484 > 5ed92da5bdac.56257: UDP, length 1024
07:16:31.276347 IP 112.74.89.58.34484 > 5ed92da5bdac.56257: UDP, length 1024
07:16:31.289834 IP 112.74.89.58.34484 > 5ed92da5bdac.56257: UDP, length 1024
07:16:31.303198 IP 112.74.89.58.34484 > 5ed92da5bdac.56257: UDP, length 1024
07:16:31.316482 IP 112.74.89.58.34484 > 5ed92da5bdac.56257: UDP, length 1024
07:16:31.329801 IP 112.74.89.58.34484 > 5ed92da5bdac.56257: UDP, length 1024
07:16:31.343292 IP 112.74.89.58.34484 > 5ed92da5bdac.56257: UDP, length 1024
07:16:31.356419 IP 112.74.89.58.34484 > 5ed92da5bdac.56257: UDP, length 1024
07:16:31.369872 IP 112.74.89.58.34484 > 5ed92da5bdac.56257: UDP, length 1024
07:16:31.383215 IP 112.74.89.58.34484 > 5ed92da5bdac.56257: UDP, length 1024
07:16:31.396742 IP 112.74.89.58.34484 > 5ed92da5bdac.56257: UDP, length 1024
07:16:31.410179 IP 112.74.89.58.34484 > 5ed92da5bdac.56257: UDP, length 1024
07:16:31.423413 IP 112.74.89.58.34484 > 5ed92da5bdac.56257: UDP, length 1024
07:16:31.436687 IP 112.74.89.58.34484 > 5ed92da5bdac.56257: UDP, length 1024
07:16:31.450045 IP 112.74.89.58.34484 > 5ed92da5bdac.56257: UDP, length 1024
07:16:31.463526 IP 112.74.89.58.34484 > 5ed92da5bdac.56257: UDP, length 1024
07:16:31.476919 IP 112.74.89.58.34484 > 5ed92da5bdac.56257: UDP, length 1024
07:16:31.490305 IP 112.74.89.58.34484 > 5ed92da5bdac.56257: UDP, length 1024
07:16:31.503907 IP 112.74.89.58.34484 > 5ed92da5bdac.56257: UDP, length 1024
07:16:31.517021 IP 112.74.89.58.34484 > 5ed92da5bdac.56257: UDP, length 1024
07:16:31.533423 IP 112.74.89.58.34484 > 5ed92da5bdac.56257: UDP, length 1024
07:16:31.544782 IP 112.74.89.58.34484 > 5ed92da5bdac.56257: UDP, length 1024
07:16:31.556952 IP 112.74.89.58.34484 > 5ed92da5bdac.56257: UDP, length 1024
07:16:31.570382 IP 112.74.89.58.34484 > 5ed92da5bdac.56257: UDP, length 1024
07:16:31.583654 IP 112.74.89.58.34484 > 5ed92da5bdac.56257: UDP, length 1024
07:16:31.597139 IP 112.74.89.58.34484 > 5ed92da5bdac.56257: UDP, length 1024
07:16:31.610376 IP 112.74.89.58.34484 > 5ed92da5bdac.56257: UDP, length 1024
07:16:31.624056 IP 112.74.89.58.34484 > 5ed92da5bdac.56257: UDP, length 1024
07:16:31.637030 IP 112.74.89.58.34484 > 5ed92da5bdac.56257: UDP, length 1024
07:16:31.650471 IP 112.74.89.58.34484 > 5ed92da5bdac.56257: UDP, length 1024
07:16:31.663917 IP 112.74.89.58.34484 > 5ed92da5bdac.56257: UDP, length 1024
07:16:31.677275 IP 112.74.89.58.34484 > 5ed92da5bdac.56257: UDP, length 1024
07:16:31.690626 IP 112.74.89.58.34484 > 5ed92da5bdac.56257: UDP, length 1024
07:16:31.703898 IP 112.74.89.58.34484 > 5ed92da5bdac.56257: UDP, length 1024
07:16:31.717875 IP 112.74.89.58.34484 > 5ed92da5bdac.56257: UDP, length 1024
07:16:31.730688 IP 112.74.89.58.34484 > 5ed92da5bdac.56257: UDP, length 1024
07:16:31.744513 IP 112.74.89.58.34484 > 5ed92da5bdac.56257: UDP, length 1024
07:16:31.757453 IP 112.74.89.58.34484 > 5ed92da5bdac.56257: UDP, length 1024
07:16:31.770610 IP 112.74.89.58.34484 > 5ed92da5bdac.56257: UDP, length 1024
07:16:31.784036 IP 112.74.89.58.34484 > 5ed92da5bdac.56257: UDP, length 1024
07:16:31.797428 IP 112.74.89.58.34484 > 5ed92da5bdac.56257: UDP, length 1024
07:16:31.810701 IP 112.74.89.58.34484 > 5ed92da5bdac.56257: UDP, length 1024
07:16:31.824234 IP 112.74.89.58.34484 > 5ed92da5bdac.56257: UDP, length 1024
07:16:31.837587 IP 112.74.89.58.34484 > 5ed92da5bdac.56257: UDP, length 1024
07:16:31.850869 IP 112.74.89.58.34484 > 5ed92da5bdac.56257: UDP, length 1024
07:16:31.864270 IP 112.74.89.58.34484 > 5ed92da5bdac.56257: UDP, length 1024
07:16:31.877552 IP 112.74.89.58.34484 > 5ed92da5bdac.56257: UDP, length 1024
07:16:31.890895 IP 112.74.89.58.34484 > 5ed92da5bdac.56257: UDP, length 1024
07:16:31.904241 IP 112.74.89.58.34484 > 5ed92da5bdac.56257: UDP, length 1024
07:16:31.917612 IP 112.74.89.58.34484 > 5ed92da5bdac.56257: UDP, length 1024
07:16:31.931208 IP 112.74.89.58.34484 > 5ed92da5bdac.56257: UDP, length 1024
07:16:31.944452 IP 112.74.89.58.34484 > 5ed92da5bdac.56257: UDP, length 1024
07:16:31.957923 IP 112.74.89.58.34484 > 5ed92da5bdac.56257: UDP, length 1024
07:16:31.971180 IP 112.74.89.58.34484 > 5ed92da5bdac.56257: UDP, length 1024
07:16:31.984404 IP 112.74.89.58.34484 > 5ed92da5bdac.56257: UDP, length 1024
07:16:31.997864 IP 112.74.89.58.34484 > 5ed92da5bdac.56257: UDP, length 1024
07:16:32.011396 IP 112.74.89.58.34484 > 5ed92da5bdac.56257: UDP, length 1024
07:16:32.024499 IP 112.74.89.58.34484 > 5ed92da5bdac.56257: UDP, length 1024
07:16:32.037830 IP 112.74.89.58.34484 > 5ed92da5bdac.56257: UDP, length 1024
07:16:32.051203 IP 112.74.89.58.34484 > 5ed92da5bdac.56257: UDP, length 1024
07:16:32.064635 IP 112.74.89.58.34484 > 5ed92da5bdac.56257: UDP, length 1024
07:16:32.077900 IP 112.74.89.58.34484 > 5ed92da5bdac.56257: UDP, length 1024
07:16:32.091276 IP 112.74.89.58.34484 > 5ed92da5bdac.56257: UDP, length 1024
07:16:32.104770 IP 112.74.89.58.34484 > 5ed92da5bdac.56257: UDP, length 1024
07:16:32.118017 IP 112.74.89.58.34484 > 5ed92da5bdac.56257: UDP, length 1024
07:16:32.131366 IP 112.74.89.58.34484 > 5ed92da5bdac.56257: UDP, length 1024
07:16:32.144657 IP 112.74.89.58.34484 > 5ed92da5bdac.56257: UDP, length 1024
07:16:32.158210 IP 112.74.89.58.34484 > 5ed92da5bdac.56257: UDP, length 1024
07:16:32.171503 IP 112.74.89.58.34484 > 5ed92da5bdac.56257: UDP, length 1024
07:16:32.184699 IP 112.74.89.58.34484 > 5ed92da5bdac.56257: UDP, length 1024
07:16:32.198205 IP 112.74.89.58.34484 > 5ed92da5bdac.56257: UDP, length 1024
07:16:32.211523 IP 112.74.89.58.34484 > 5ed92da5bdac.56257: UDP, length 1024
07:16:32.225111 IP 112.74.89.58.34484 > 5ed92da5bdac.56257: UDP, length 1024
07:16:32.238282 IP 112.74.89.58.34484 > 5ed92da5bdac.56257: UDP, length 1024
07:16:32.251705 IP 112.74.89.58.34484 > 5ed92da5bdac.56257: UDP, length 1024
07:16:32.264914 IP 112.74.89.58.34484 > 5ed92da5bdac.56257: UDP, length 1024
07:16:32.278371 IP 112.74.89.58.34484 > 5ed92da5bdac.56257: UDP, length 1024
07:16:32.291773 IP 112.74.89.58.34484 > 5ed92da5bdac.56257: UDP, length 1024
07:16:32.304966 IP 112.74.89.58.34484 > 5ed92da5bdac.56257: UDP, length 1024
07:16:32.318319 IP 112.74.89.58.34484 > 5ed92da5bdac.56257: UDP, length 1024
07:16:32.331893 IP 112.74.89.58.34484 > 5ed92da5bdac.56257: UDP, length 1024
07:16:32.345086 IP 112.74.89.58.34484 > 5ed92da5bdac.56257: UDP, length 1024
07:16:32.358444 IP 112.74.89.58.34484 > 5ed92da5bdac.56257: UDP, length 1024
07:16:32.371886 IP 112.74.89.58.34484 > 5ed92da5bdac.56257: UDP, length 1024
07:16:32.388572 IP 112.74.89.58.34484 > 5ed92da5bdac.56257: UDP, length 1024
07:16:32.398655 IP 112.74.89.58.34484 > 5ed92da5bdac.56257: UDP, length 1024
07:16:32.411896 IP 112.74.89.58.34484 > 5ed92da5bdac.56257: UDP, length 1024
07:16:32.425366 IP 112.74.89.58.34484 > 5ed92da5bdac.56257: UDP, length 1024
07:16:32.438727 IP 112.74.89.58.34484 > 5ed92da5bdac.56257: UDP, length 1024
07:16:32.452022 IP 112.74.89.58.34484 > 5ed92da5bdac.56257: UDP, length 1024
07:16:32.465348 IP 112.74.89.58.34484 > 5ed92da5bdac.56257: UDP, length 1024
07:16:32.479435 IP 112.74.89.58.34484 > 5ed92da5bdac.56257: UDP, length 1024
07:16:32.491931 IP 112.74.89.58.34484 > 5ed92da5bdac.56257: UDP, length 1024
07:16:32.505383 IP 112.74.89.58.34484 > 5ed92da5bdac.56257: UDP, length 1024
07:16:32.518859 IP 112.74.89.58.34484 > 5ed92da5bdac.56257: UDP, length 1024
07:16:32.532088 IP 112.74.89.58.34484 > 5ed92da5bdac.56257: UDP, length 1024
07:16:32.545720 IP 112.74.89.58.34484 > 5ed92da5bdac.56257: UDP, length 1024
07:16:32.558902 IP 112.74.89.58.34484 > 5ed92da5bdac.56257: UDP, length 1024
07:16:32.572161 IP 112.74.89.58.34484 > 5ed92da5bdac.56257: UDP, length 1024
07:16:32.585558 IP 112.74.89.58.34484 > 5ed92da5bdac.56257: UDP, length 1024
07:16:32.599006 IP 112.74.89.58.34484 > 5ed92da5bdac.56257: UDP, length 1024
07:16:32.612365 IP 112.74.89.58.34484 > 5ed92da5bdac.56257: UDP, length 1024
07:16:32.625787 IP 112.74.89.58.34484 > 5ed92da5bdac.56257: UDP, length 1024
07:16:32.638952 IP 112.74.89.58.34484 > 5ed92da5bdac.56257: UDP, length 1024
07:16:32.652387 IP 112.74.89.58.34484 > 5ed92da5bdac.56257: UDP, length 1024
07:16:32.665754 IP 112.74.89.58.34484 > 5ed92da5bdac.56257: UDP, length 1024
07:16:32.679314 IP 112.74.89.58.34484 > 5ed92da5bdac.56257: UDP, length 1024
07:16:32.694476 IP 112.74.89.58.34484 > 5ed92da5bdac.56257: UDP, length 1024
07:16:32.706003 IP 112.74.89.58.34484 > 5ed92da5bdac.56257: UDP, length 1024
07:16:32.719215 IP 112.74.89.58.34484 > 5ed92da5bdac.56257: UDP, length 1024
07:16:32.732523 IP 112.74.89.58.34484 > 5ed92da5bdac.56257: UDP, length 1024
07:16:32.746013 IP 112.74.89.58.34484 > 5ed92da5bdac.56257: UDP, length 1024
07:16:32.759146 IP 112.74.89.58.34484 > 5ed92da5bdac.56257: UDP, length 1024
07:16:32.772661 IP 112.74.89.58.34484 > 5ed92da5bdac.56257: UDP, length 1024
07:16:32.785929 IP 112.74.89.58.34484 > 5ed92da5bdac.56257: UDP, length 1024
07:16:32.799458 IP 112.74.89.58.34484 > 5ed92da5bdac.56257: UDP, length 1024
07:16:32.812751 IP 112.74.89.58.34484 > 5ed92da5bdac.56257: UDP, length 1024
07:16:32.827009 IP 112.74.89.58.34484 > 5ed92da5bdac.56257: UDP, length 1024
07:16:32.840984 IP 112.74.89.58.34484 > 5ed92da5bdac.56257: UDP, length 1024
07:16:32.852820 IP 112.74.89.58.34484 > 5ed92da5bdac.56257: UDP, length 1024
07:16:32.866226 IP 112.74.89.58.34484 > 5ed92da5bdac.56257: UDP, length 1024
07:16:32.879424 IP 112.74.89.58.34484 > 5ed92da5bdac.56257: UDP, length 1024
07:16:32.892908 IP 112.74.89.58.34484 > 5ed92da5bdac.56257: UDP, length 1024
07:16:32.906128 IP 112.74.89.58.34484 > 5ed92da5bdac.56257: UDP, length 1024
07:16:32.919593 IP 112.74.89.58.34484 > 5ed92da5bdac.56257: UDP, length 1024
07:16:32.932875 IP 112.74.89.58.34484 > 5ed92da5bdac.56257: UDP, length 1024
07:16:32.946351 IP 112.74.89.58.34484 > 5ed92da5bdac.56257: UDP, length 1024
07:16:32.959726 IP 112.74.89.58.34484 > 5ed92da5bdac.56257: UDP, length 1024
07:16:32.973016 IP 112.74.89.58.34484 > 5ed92da5bdac.56257: UDP, length 1024
07:16:32.986486 IP 112.74.89.58.34484 > 5ed92da5bdac.56257: UDP, length 1024
07:16:32.999677 IP 112.74.89.58.34484 > 5ed92da5bdac.56257: UDP, length 1024
07:16:33.013072 IP 112.74.89.58.34484 > 5ed92da5bdac.56257: UDP, length 1024
07:16:33.026406 IP 112.74.89.58.34484 > 5ed92da5bdac.56257: UDP, length 1024
07:16:33.039812 IP 112.74.89.58.34484 > 5ed92da5bdac.56257: UDP, length 1024
07:16:33.053176 IP 112.74.89.58.34484 > 5ed92da5bdac.56257: UDP, length 1024
07:16:33.066727 IP 112.74.89.58.34484 > 5ed92da5bdac.56257: UDP, length 1024
07:16:33.080024 IP 112.74.89.58.34484 > 5ed92da5bdac.56257: UDP, length 1024
07:16:33.093257 IP 112.74.89.58.34484 > 5ed92da5bdac.56257: UDP, length 1024
07:16:33.106550 IP 112.74.89.58.34484 > 5ed92da5bdac.56257: UDP, length 1024
07:16:33.121535 IP 112.74.89.58.34484 > 5ed92da5bdac.56257: UDP, length 1024
07:16:33.133165 IP 112.74.89.58.34484 > 5ed92da5bdac.56257: UDP, length 1024
07:16:33.146611 IP 112.74.89.58.34484 > 5ed92da5bdac.56257: UDP, length 1024
07:16:33.159972 IP 112.74.89.58.34484 > 5ed92da5bdac.56257: UDP, length 1024
07:16:33.173711 IP 112.74.89.58.34484 > 5ed92da5bdac.56257: UDP, length 1024
07:16:33.186949 IP 112.74.89.58.34484 > 5ed92da5bdac.56257: UDP, length 1024
07:16:33.200234 IP 112.74.89.58.34484 > 5ed92da5bdac.56257: UDP, length 1024
07:16:33.213525 IP 112.74.89.58.34484 > 5ed92da5bdac.56257: UDP, length 1024
07:16:33.226745 IP 112.74.89.58.34484 > 5ed92da5bdac.56257: UDP, length 1024
07:16:33.240579 IP 112.74.89.58.34484 > 5ed92da5bdac.56257: UDP, length 1024
07:16:33.253621 IP 112.74.89.58.34484 > 5ed92da5bdac.56257: UDP, length 1024
07:16:33.266925 IP 112.74.89.58.34484 > 5ed92da5bdac.56257: UDP, length 1024
07:16:33.280267 IP 112.74.89.58.34484 > 5ed92da5bdac.56257: UDP, length 1024
07:16:33.293586 IP 112.74.89.58.34484 > 5ed92da5bdac.56257: UDP, length 1024
07:16:33.307107 IP 112.74.89.58.34484 > 5ed92da5bdac.56257: UDP, length 1024
07:16:33.320384 IP 112.74.89.58.34484 > 5ed92da5bdac.56257: UDP, length 1024
07:16:33.333670 IP 112.74.89.58.34484 > 5ed92da5bdac.56257: UDP, length 1024
07:16:33.347232 IP 112.74.89.58.34484 > 5ed92da5bdac.56257: UDP, length 1024
07:16:33.360557 IP 112.74.89.58.34484 > 5ed92da5bdac.56257: UDP, length 1024
07:16:33.373754 IP 112.74.89.58.34484 > 5ed92da5bdac.56257: UDP, length 1024
07:16:33.387272 IP 112.74.89.58.34484 > 5ed92da5bdac.56257: UDP, length 1024
07:16:33.400517 IP 112.74.89.58.34484 > 5ed92da5bdac.56257: UDP, length 1024
07:16:33.413766 IP 112.74.89.58.34484 > 5ed92da5bdac.56257: UDP, length 1024
07:16:33.427255 IP 112.74.89.58.34484 > 5ed92da5bdac.56257: UDP, length 1024
07:16:33.440445 IP 112.74.89.58.34484 > 5ed92da5bdac.56257: UDP, length 1024
07:16:33.454216 IP 112.74.89.58.34484 > 5ed92da5bdac.56257: UDP, length 1024
07:16:33.467211 IP 112.74.89.58.34484 > 5ed92da5bdac.56257: UDP, length 1024
07:16:33.480569 IP 112.74.89.58.34484 > 5ed92da5bdac.56257: UDP, length 1024
07:16:33.494023 IP 112.74.89.58.34484 > 5ed92da5bdac.56257: UDP, length 1024
07:16:33.507454 IP 112.74.89.58.34484 > 5ed92da5bdac.56257: UDP, length 1024
07:16:33.521006 IP 112.74.89.58.34484 > 5ed92da5bdac.56257: UDP, length 1024
07:16:33.534046 IP 112.74.89.58.34484 > 5ed92da5bdac.56257: UDP, length 1024
07:16:33.547426 IP 112.74.89.58.34484 > 5ed92da5bdac.56257: UDP, length 1024
07:16:33.560828 IP 112.74.89.58.34484 > 5ed92da5bdac.56257: UDP, length 1024
07:16:33.574085 IP 112.74.89.58.34484 > 5ed92da5bdac.56257: UDP, length 1024
07:16:33.587723 IP 112.74.89.58.34484 > 5ed92da5bdac.56257: UDP, length 1024
07:16:33.601038 IP 112.74.89.58.34484 > 5ed92da5bdac.56257: UDP, length 1024
07:16:33.614341 IP 112.74.89.58.34484 > 5ed92da5bdac.56257: UDP, length 1024
07:16:33.627864 IP 112.74.89.58.34484 > 5ed92da5bdac.56257: UDP, length 1024
07:16:33.641184 IP 112.74.89.58.34484 > 5ed92da5bdac.56257: UDP, length 1024
07:16:33.654246 IP 112.74.89.58.34484 > 5ed92da5bdac.56257: UDP, length 1024
07:16:33.667665 IP 112.74.89.58.34484 > 5ed92da5bdac.56257: UDP, length 1024
07:16:33.681144 IP 112.74.89.58.34484 > 5ed92da5bdac.56257: UDP, length 1024
07:16:33.694393 IP 112.74.89.58.34484 > 5ed92da5bdac.56257: UDP, length 1024
07:16:33.707784 IP 112.74.89.58.34484 > 5ed92da5bdac.56257: UDP, length 1024
07:16:33.721297 IP 112.74.89.58.34484 > 5ed92da5bdac.56257: UDP, length 1024
07:16:33.734436 IP 112.74.89.58.34484 > 5ed92da5bdac.56257: UDP, length 1024

